#
# There is insufficient memory for the Java Runtime Environment to continue.
# Native memory allocation (malloc) failed to allocate 149616 bytes for Chunk::new
# Possible reasons:
#   The system is out of physical RAM or swap space
#   The process is running with CompressedOops enabled, and the Java Heap may be blocking the growth of the native heap
# Possible solutions:
#   Reduce memory load on the system
#   Increase physical memory or swap space
#   Check if swap backing store is full
#   Decrease Java heap size (-Xmx/-Xms)
#   Decrease number of Java threads
#   Decrease Java thread stack sizes (-Xss)
#   Set larger code cache with -XX:ReservedCodeCacheSize=
#   JVM is running with Unscaled Compressed Oops mode in which the Java heap is
#     placed in the first 4GB address space. The Java Heap base address is the
#     maximum limit for the native heap growth. Please use -XX:HeapBaseMinAddress
#     to set the Java Heap base and to place the Java Heap above 4GB virtual address.
# This output file may be truncated or incomplete.
#
#  Out of Memory Error (arena.cpp:168), pid=18064, tid=18472
#
# JRE version: OpenJDK Runtime Environment (21.0.2+13) (build 21.0.2+13-58)
# Java VM: OpenJDK 64-Bit Server VM (21.0.2+13-58, mixed mode, sharing, tiered, compressed oops, compressed class ptrs, g1 gc, windows-amd64)
# No core dump will be written. Minidumps are not enabled by default on client versions of Windows
#

---------------  S U M M A R Y ------------

Command Line: --add-opens=java.base/java.util=ALL-UNNAMED --add-opens=java.base/java.lang=ALL-UNNAMED --add-opens=java.base/java.lang.invoke=ALL-UNNAMED --add-opens=java.prefs/java.util.prefs=ALL-UNNAMED --add-exports=jdk.compiler/com.sun.tools.javac.api=ALL-UNNAMED --add-exports=jdk.compiler/com.sun.tools.javac.util=ALL-UNNAMED --add-opens=java.base/java.nio.charset=ALL-UNNAMED --add-opens=java.base/java.net=ALL-UNNAMED --add-opens=java.base/java.util.concurrent.atomic=ALL-UNNAMED -XX:MaxMetaspaceSize=384m -XX:+HeapDumpOnOutOfMemoryError -Xms256m -Xmx512m -Dfile.encoding=UTF-8 -Duser.country=CN -Duser.language=zh -Duser.variant -javaagent:F:\.gradle\wrapper\dists\gradle-8.10-all\5d1orm1foysj2p3f4z6mcghoz\gradle-8.10\lib\agents\gradle-instrumentation-agent-8.10.jar org.gradle.launcher.daemon.bootstrap.GradleDaemon 8.10

Host: Intel(R) Core(TM) i5-7300HQ CPU @ 2.50GHz, 4 cores, 31G,  Windows 10 , 64 bit Build 19041 (10.0.19041.5915)
Time: Mon Oct 27 12:58:22 2025  Windows 10 , 64 bit Build 19041 (10.0.19041.5915) elapsed time: 9.473559 seconds (0d 0h 0m 9s)

---------------  T H R E A D  ---------------

Current thread (0x0000026dfb7b3df0):  JavaThread "C2 CompilerThread0" daemon [_thread_in_native, id=18472, stack(0x000000742b700000,0x000000742b800000) (1024K)]


Current CompileTask:
C2:   9473 2395       4       java.lang.StringBuilder::append (8 bytes)

Stack: [0x000000742b700000,0x000000742b800000]
Native frames: (J=compiled Java code, j=interpreted, Vv=VM code, C=native code)
V  [jvm.dll+0x6cade9]
V  [jvm.dll+0x8569c1]
V  [jvm.dll+0x858d2e]
V  [jvm.dll+0x859413]
V  [jvm.dll+0x280e56]
V  [jvm.dll+0xc3f3d]
V  [jvm.dll+0xc4473]
V  [jvm.dll+0x3b5c2c]
V  [jvm.dll+0x382855]
V  [jvm.dll+0x381cca]
V  [jvm.dll+0x249bd0]
V  [jvm.dll+0x2491b1]
V  [jvm.dll+0x1c9634]
V  [jvm.dll+0x258859]
V  [jvm.dll+0x256e3a]
V  [jvm.dll+0x3ef6c6]
V  [jvm.dll+0x7ff568]
V  [jvm.dll+0x6c953d]
C  [ucrtbase.dll+0x21bb2]
C  [KERNEL32.DLL+0x17374]
C  [ntdll.dll+0x4cc91]


---------------  P R O C E S S  ---------------

Threads class SMR info:
_java_thread_list=0x0000026da982b630, length=21, elements={
0x0000026df0450ce0, 0x0000026dfb7af110, 0x0000026dfb7aff20, 0x0000026dfb7b0b30,
0x0000026dfb7b1ba0, 0x0000026dfb7b2600, 0x0000026dfb7b3060, 0x0000026dfb7b3df0,
0x0000026dfb7ede10, 0x0000026dfb777c10, 0x0000026da826dc10, 0x0000026da96af190,
0x0000026da903e980, 0x0000026da9867680, 0x0000026da987a130, 0x0000026da987af40,
0x0000026da987b900, 0x0000026da8d83380, 0x0000026da99aca10, 0x0000026da99ac380,
0x0000026da99ad0a0
}

Java Threads: ( => current thread )
  0x0000026df0450ce0 JavaThread "main"                              [_thread_blocked, id=14800, stack(0x000000742a900000,0x000000742aa00000) (1024K)]
  0x0000026dfb7af110 JavaThread "Reference Handler"          daemon [_thread_blocked, id=22136, stack(0x000000742b100000,0x000000742b200000) (1024K)]
  0x0000026dfb7aff20 JavaThread "Finalizer"                  daemon [_thread_blocked, id=19192, stack(0x000000742b200000,0x000000742b300000) (1024K)]
  0x0000026dfb7b0b30 JavaThread "Signal Dispatcher"          daemon [_thread_blocked, id=20780, stack(0x000000742b300000,0x000000742b400000) (1024K)]
  0x0000026dfb7b1ba0 JavaThread "Attach Listener"            daemon [_thread_blocked, id=7668, stack(0x000000742b400000,0x000000742b500000) (1024K)]
  0x0000026dfb7b2600 JavaThread "Service Thread"             daemon [_thread_blocked, id=14600, stack(0x000000742b500000,0x000000742b600000) (1024K)]
  0x0000026dfb7b3060 JavaThread "Monitor Deflation Thread"   daemon [_thread_blocked, id=4336, stack(0x000000742b600000,0x000000742b700000) (1024K)]
=>0x0000026dfb7b3df0 JavaThread "C2 CompilerThread0"         daemon [_thread_in_native, id=18472, stack(0x000000742b700000,0x000000742b800000) (1024K)]
  0x0000026dfb7ede10 JavaThread "C1 CompilerThread0"         daemon [_thread_blocked, id=20036, stack(0x000000742b800000,0x000000742b900000) (1024K)]
  0x0000026dfb777c10 JavaThread "Common-Cleaner"             daemon [_thread_blocked, id=17212, stack(0x000000742b900000,0x000000742ba00000) (1024K)]
  0x0000026da826dc10 JavaThread "Notification Thread"        daemon [_thread_blocked, id=13912, stack(0x000000742ba00000,0x000000742bb00000) (1024K)]
  0x0000026da96af190 JavaThread "Daemon health stats"               [_thread_blocked, id=16972, stack(0x000000742be00000,0x000000742bf00000) (1024K)]
  0x0000026da903e980 JavaThread "Incoming local TCP Connector on port 1715"        [_thread_in_native, id=19136, stack(0x000000742bf00000,0x000000742c000000) (1024K)]
  0x0000026da9867680 JavaThread "Daemon periodic checks"            [_thread_blocked, id=5192, stack(0x000000742c000000,0x000000742c100000) (1024K)]
  0x0000026da987a130 JavaThread "Daemon"                            [_thread_blocked, id=13772, stack(0x000000742c100000,0x000000742c200000) (1024K)]
  0x0000026da987af40 JavaThread "Handler for socket connection from /127.0.0.1:1715 to /127.0.0.1:1716"        [_thread_in_native, id=8512, stack(0x000000742c200000,0x000000742c300000) (1024K)]
  0x0000026da987b900 JavaThread "Cancel handler"                    [_thread_blocked, id=4372, stack(0x000000742c300000,0x000000742c400000) (1024K)]
  0x0000026da8d83380 JavaThread "Daemon worker"                     [_thread_in_native, id=12956, stack(0x000000742c400000,0x000000742c500000) (1024K)]
  0x0000026da99aca10 JavaThread "Asynchronous log dispatcher for DefaultDaemonConnection: socket connection from /127.0.0.1:1715 to /127.0.0.1:1716"        [_thread_blocked, id=10928, stack(0x000000742c500000,0x000000742c600000) (1024K)]
  0x0000026da99ac380 JavaThread "Stdin handler"                     [_thread_blocked, id=18300, stack(0x000000742c600000,0x000000742c700000) (1024K)]
  0x0000026da99ad0a0 JavaThread "Daemon client event forwarder"        [_thread_blocked, id=21336, stack(0x000000742c700000,0x000000742c800000) (1024K)]
Total: 21

Other Threads:
  0x0000026dfb78f1d0 VMThread "VM Thread"                           [id=8896, stack(0x000000742b000000,0x000000742b100000) (1024K)]
  0x0000026dfb774aa0 WatcherThread "VM Periodic Task Thread"        [id=404, stack(0x000000742af00000,0x000000742b000000) (1024K)]
  0x0000026df047a4e0 WorkerThread "GC Thread#0"                     [id=14920, stack(0x000000742aa00000,0x000000742ab00000) (1024K)]
  0x0000026da8252d70 WorkerThread "GC Thread#1"                     [id=11524, stack(0x000000742bb00000,0x000000742bc00000) (1024K)]
  0x0000026da8253110 WorkerThread "GC Thread#2"                     [id=20748, stack(0x000000742bc00000,0x000000742bd00000) (1024K)]
  0x0000026da82534b0 WorkerThread "GC Thread#3"                     [id=5460, stack(0x000000742bd00000,0x000000742be00000) (1024K)]
  0x0000026df047f270 ConcurrentGCThread "G1 Main Marker"            [id=19100, stack(0x000000742ab00000,0x000000742ac00000) (1024K)]
  0x0000026df047fcd0 WorkerThread "G1 Conc#0"                       [id=14796, stack(0x000000742ac00000,0x000000742ad00000) (1024K)]
  0x0000026dfb64a100 ConcurrentGCThread "G1 Refine#0"               [id=20796, stack(0x000000742ad00000,0x000000742ae00000) (1024K)]
  0x0000026dfb64bae0 ConcurrentGCThread "G1 Service"                [id=1800, stack(0x000000742ae00000,0x000000742af00000) (1024K)]
Total: 10

Threads with active compile tasks:
C2 CompilerThread0     9496 2395       4       java.lang.StringBuilder::append (8 bytes)
Total: 1

VM state: not at safepoint (normal execution)

VM Mutex/Monitor currently owned by a thread: None

Heap address: 0x00000000e0000000, size: 512 MB, Compressed Oops mode: 32-bit

CDS archive(s) mapped at: [0x0000026d8f000000-0x0000026d8fc90000-0x0000026d8fc90000), size 13172736, SharedBaseAddress: 0x0000026d8f000000, ArchiveRelocationMode: 1.
Compressed class space mapped at: 0x0000026d90000000-0x0000026da4000000, reserved size: 335544320
Narrow klass base: 0x0000026d8f000000, Narrow klass shift: 0, Narrow klass range: 0x100000000

GC Precious Log:
 CardTable entry size: 512
 Card Set container configuration: InlinePtr #cards 5 size 8 Array Of Cards #cards 12 size 40 Howl #buckets 4 coarsen threshold 1843 Howl Bitmap #cards 512 size 80 coarsen threshold 460 Card regions per heap region 1 cards per card region 2048
 CPUs: 4 total, 4 available
 Memory: 32652M
 Large Page Support: Disabled
 NUMA Support: Disabled
 Compressed Oops: Enabled (32-bit)
 Heap Region Size: 1M
 Heap Min Capacity: 256M
 Heap Initial Capacity: 256M
 Heap Max Capacity: 512M
 Pre-touch: Disabled
 Parallel Workers: 4
 Concurrent Workers: 1
 Concurrent Refinement Workers: 4
 Periodic GC: Disabled

Heap:
 garbage-first heap   total 262144K, used 103802K [0x00000000e0000000, 0x0000000100000000)
  region size 1024K, 94 young (96256K), 3 survivors (3072K)
 Metaspace       used 12184K, committed 12544K, reserved 393216K
  class space    used 1621K, committed 1792K, reserved 327680K

Heap Regions: E=young(eden), S=young(survivor), O=old, HS=humongous(starts), HC=humongous(continues), CS=collection set, F=free, TAMS=top-at-mark-start, PB=parsable bottom
|   0|0x00000000e0000000, 0x00000000e0100000, 0x00000000e0100000|100%|HS|  |TAMS 0x00000000e0000000| PB 0x00000000e0000000| Complete 
|   1|0x00000000e0100000, 0x00000000e0200000, 0x00000000e0200000|100%|HC|  |TAMS 0x00000000e0100000| PB 0x00000000e0100000| Complete 
|   2|0x00000000e0200000, 0x00000000e0300000, 0x00000000e0300000|100%|HC|  |TAMS 0x00000000e0200000| PB 0x00000000e0200000| Complete 
|   3|0x00000000e0300000, 0x00000000e0400000, 0x00000000e0400000|100%|HC|  |TAMS 0x00000000e0300000| PB 0x00000000e0300000| Complete 
|   4|0x00000000e0400000, 0x00000000e0500000, 0x00000000e0500000|100%| O|  |TAMS 0x00000000e0400000| PB 0x00000000e0400000| Untracked 
|   5|0x00000000e0500000, 0x00000000e0600000, 0x00000000e0600000|100%| O|  |TAMS 0x00000000e0500000| PB 0x00000000e0500000| Untracked 
|   6|0x00000000e0600000, 0x00000000e0700000, 0x00000000e0700000|100%| O|  |TAMS 0x00000000e0600000| PB 0x00000000e0600000| Untracked 
|   7|0x00000000e0700000, 0x00000000e075eae0, 0x00000000e0800000| 36%| O|  |TAMS 0x00000000e0700000| PB 0x00000000e0700000| Untracked 
|   8|0x00000000e0800000, 0x00000000e0900000, 0x00000000e0900000|100%|HS|  |TAMS 0x00000000e0800000| PB 0x00000000e0800000| Complete 
|   9|0x00000000e0900000, 0x00000000e0a00000, 0x00000000e0a00000|100%|HS|  |TAMS 0x00000000e0900000| PB 0x00000000e0900000| Complete 
|  10|0x00000000e0a00000, 0x00000000e0a00000, 0x00000000e0b00000|  0%| F|  |TAMS 0x00000000e0a00000| PB 0x00000000e0a00000| Untracked 
|  11|0x00000000e0b00000, 0x00000000e0b00000, 0x00000000e0c00000|  0%| F|  |TAMS 0x00000000e0b00000| PB 0x00000000e0b00000| Untracked 
|  12|0x00000000e0c00000, 0x00000000e0c00000, 0x00000000e0d00000|  0%| F|  |TAMS 0x00000000e0c00000| PB 0x00000000e0c00000| Untracked 
|  13|0x00000000e0d00000, 0x00000000e0d00000, 0x00000000e0e00000|  0%| F|  |TAMS 0x00000000e0d00000| PB 0x00000000e0d00000| Untracked 
|  14|0x00000000e0e00000, 0x00000000e0e00000, 0x00000000e0f00000|  0%| F|  |TAMS 0x00000000e0e00000| PB 0x00000000e0e00000| Untracked 
|  15|0x00000000e0f00000, 0x00000000e0f00000, 0x00000000e1000000|  0%| F|  |TAMS 0x00000000e0f00000| PB 0x00000000e0f00000| Untracked 
|  16|0x00000000e1000000, 0x00000000e1000000, 0x00000000e1100000|  0%| F|  |TAMS 0x00000000e1000000| PB 0x00000000e1000000| Untracked 
|  17|0x00000000e1100000, 0x00000000e1100000, 0x00000000e1200000|  0%| F|  |TAMS 0x00000000e1100000| PB 0x00000000e1100000| Untracked 
|  18|0x00000000e1200000, 0x00000000e1200000, 0x00000000e1300000|  0%| F|  |TAMS 0x00000000e1200000| PB 0x00000000e1200000| Untracked 
|  19|0x00000000e1300000, 0x00000000e1300000, 0x00000000e1400000|  0%| F|  |TAMS 0x00000000e1300000| PB 0x00000000e1300000| Untracked 
|  20|0x00000000e1400000, 0x00000000e1400000, 0x00000000e1500000|  0%| F|  |TAMS 0x00000000e1400000| PB 0x00000000e1400000| Untracked 
|  21|0x00000000e1500000, 0x00000000e1500000, 0x00000000e1600000|  0%| F|  |TAMS 0x00000000e1500000| PB 0x00000000e1500000| Untracked 
|  22|0x00000000e1600000, 0x00000000e1600000, 0x00000000e1700000|  0%| F|  |TAMS 0x00000000e1600000| PB 0x00000000e1600000| Untracked 
|  23|0x00000000e1700000, 0x00000000e1700000, 0x00000000e1800000|  0%| F|  |TAMS 0x00000000e1700000| PB 0x00000000e1700000| Untracked 
|  24|0x00000000e1800000, 0x00000000e1800000, 0x00000000e1900000|  0%| F|  |TAMS 0x00000000e1800000| PB 0x00000000e1800000| Untracked 
|  25|0x00000000e1900000, 0x00000000e1900000, 0x00000000e1a00000|  0%| F|  |TAMS 0x00000000e1900000| PB 0x00000000e1900000| Untracked 
|  26|0x00000000e1a00000, 0x00000000e1a00000, 0x00000000e1b00000|  0%| F|  |TAMS 0x00000000e1a00000| PB 0x00000000e1a00000| Untracked 
|  27|0x00000000e1b00000, 0x00000000e1b00000, 0x00000000e1c00000|  0%| F|  |TAMS 0x00000000e1b00000| PB 0x00000000e1b00000| Untracked 
|  28|0x00000000e1c00000, 0x00000000e1c00000, 0x00000000e1d00000|  0%| F|  |TAMS 0x00000000e1c00000| PB 0x00000000e1c00000| Untracked 
|  29|0x00000000e1d00000, 0x00000000e1d00000, 0x00000000e1e00000|  0%| F|  |TAMS 0x00000000e1d00000| PB 0x00000000e1d00000| Untracked 
|  30|0x00000000e1e00000, 0x00000000e1e00000, 0x00000000e1f00000|  0%| F|  |TAMS 0x00000000e1e00000| PB 0x00000000e1e00000| Untracked 
|  31|0x00000000e1f00000, 0x00000000e1f00000, 0x00000000e2000000|  0%| F|  |TAMS 0x00000000e1f00000| PB 0x00000000e1f00000| Untracked 
|  32|0x00000000e2000000, 0x00000000e2000000, 0x00000000e2100000|  0%| F|  |TAMS 0x00000000e2000000| PB 0x00000000e2000000| Untracked 
|  33|0x00000000e2100000, 0x00000000e2100000, 0x00000000e2200000|  0%| F|  |TAMS 0x00000000e2100000| PB 0x00000000e2100000| Untracked 
|  34|0x00000000e2200000, 0x00000000e2200000, 0x00000000e2300000|  0%| F|  |TAMS 0x00000000e2200000| PB 0x00000000e2200000| Untracked 
|  35|0x00000000e2300000, 0x00000000e2300000, 0x00000000e2400000|  0%| F|  |TAMS 0x00000000e2300000| PB 0x00000000e2300000| Untracked 
|  36|0x00000000e2400000, 0x00000000e2400000, 0x00000000e2500000|  0%| F|  |TAMS 0x00000000e2400000| PB 0x00000000e2400000| Untracked 
|  37|0x00000000e2500000, 0x00000000e2500000, 0x00000000e2600000|  0%| F|  |TAMS 0x00000000e2500000| PB 0x00000000e2500000| Untracked 
|  38|0x00000000e2600000, 0x00000000e2600000, 0x00000000e2700000|  0%| F|  |TAMS 0x00000000e2600000| PB 0x00000000e2600000| Untracked 
|  39|0x00000000e2700000, 0x00000000e2700000, 0x00000000e2800000|  0%| F|  |TAMS 0x00000000e2700000| PB 0x00000000e2700000| Untracked 
|  40|0x00000000e2800000, 0x00000000e2800000, 0x00000000e2900000|  0%| F|  |TAMS 0x00000000e2800000| PB 0x00000000e2800000| Untracked 
|  41|0x00000000e2900000, 0x00000000e2900000, 0x00000000e2a00000|  0%| F|  |TAMS 0x00000000e2900000| PB 0x00000000e2900000| Untracked 
|  42|0x00000000e2a00000, 0x00000000e2a00000, 0x00000000e2b00000|  0%| F|  |TAMS 0x00000000e2a00000| PB 0x00000000e2a00000| Untracked 
|  43|0x00000000e2b00000, 0x00000000e2b00000, 0x00000000e2c00000|  0%| F|  |TAMS 0x00000000e2b00000| PB 0x00000000e2b00000| Untracked 
|  44|0x00000000e2c00000, 0x00000000e2c00000, 0x00000000e2d00000|  0%| F|  |TAMS 0x00000000e2c00000| PB 0x00000000e2c00000| Untracked 
|  45|0x00000000e2d00000, 0x00000000e2d00000, 0x00000000e2e00000|  0%| F|  |TAMS 0x00000000e2d00000| PB 0x00000000e2d00000| Untracked 
|  46|0x00000000e2e00000, 0x00000000e2e00000, 0x00000000e2f00000|  0%| F|  |TAMS 0x00000000e2e00000| PB 0x00000000e2e00000| Untracked 
|  47|0x00000000e2f00000, 0x00000000e2f00000, 0x00000000e3000000|  0%| F|  |TAMS 0x00000000e2f00000| PB 0x00000000e2f00000| Untracked 
|  48|0x00000000e3000000, 0x00000000e3000000, 0x00000000e3100000|  0%| F|  |TAMS 0x00000000e3000000| PB 0x00000000e3000000| Untracked 
|  49|0x00000000e3100000, 0x00000000e3100000, 0x00000000e3200000|  0%| F|  |TAMS 0x00000000e3100000| PB 0x00000000e3100000| Untracked 
|  50|0x00000000e3200000, 0x00000000e3200000, 0x00000000e3300000|  0%| F|  |TAMS 0x00000000e3200000| PB 0x00000000e3200000| Untracked 
|  51|0x00000000e3300000, 0x00000000e3300000, 0x00000000e3400000|  0%| F|  |TAMS 0x00000000e3300000| PB 0x00000000e3300000| Untracked 
|  52|0x00000000e3400000, 0x00000000e3400000, 0x00000000e3500000|  0%| F|  |TAMS 0x00000000e3400000| PB 0x00000000e3400000| Untracked 
|  53|0x00000000e3500000, 0x00000000e3500000, 0x00000000e3600000|  0%| F|  |TAMS 0x00000000e3500000| PB 0x00000000e3500000| Untracked 
|  54|0x00000000e3600000, 0x00000000e3600000, 0x00000000e3700000|  0%| F|  |TAMS 0x00000000e3600000| PB 0x00000000e3600000| Untracked 
|  55|0x00000000e3700000, 0x00000000e3700000, 0x00000000e3800000|  0%| F|  |TAMS 0x00000000e3700000| PB 0x00000000e3700000| Untracked 
|  56|0x00000000e3800000, 0x00000000e3800000, 0x00000000e3900000|  0%| F|  |TAMS 0x00000000e3800000| PB 0x00000000e3800000| Untracked 
|  57|0x00000000e3900000, 0x00000000e3900000, 0x00000000e3a00000|  0%| F|  |TAMS 0x00000000e3900000| PB 0x00000000e3900000| Untracked 
|  58|0x00000000e3a00000, 0x00000000e3a00000, 0x00000000e3b00000|  0%| F|  |TAMS 0x00000000e3a00000| PB 0x00000000e3a00000| Untracked 
|  59|0x00000000e3b00000, 0x00000000e3b00000, 0x00000000e3c00000|  0%| F|  |TAMS 0x00000000e3b00000| PB 0x00000000e3b00000| Untracked 
|  60|0x00000000e3c00000, 0x00000000e3c00000, 0x00000000e3d00000|  0%| F|  |TAMS 0x00000000e3c00000| PB 0x00000000e3c00000| Untracked 
|  61|0x00000000e3d00000, 0x00000000e3d00000, 0x00000000e3e00000|  0%| F|  |TAMS 0x00000000e3d00000| PB 0x00000000e3d00000| Untracked 
|  62|0x00000000e3e00000, 0x00000000e3e00000, 0x00000000e3f00000|  0%| F|  |TAMS 0x00000000e3e00000| PB 0x00000000e3e00000| Untracked 
|  63|0x00000000e3f00000, 0x00000000e3f00000, 0x00000000e4000000|  0%| F|  |TAMS 0x00000000e3f00000| PB 0x00000000e3f00000| Untracked 
|  64|0x00000000e4000000, 0x00000000e4000000, 0x00000000e4100000|  0%| F|  |TAMS 0x00000000e4000000| PB 0x00000000e4000000| Untracked 
|  65|0x00000000e4100000, 0x00000000e4100000, 0x00000000e4200000|  0%| F|  |TAMS 0x00000000e4100000| PB 0x00000000e4100000| Untracked 
|  66|0x00000000e4200000, 0x00000000e4200000, 0x00000000e4300000|  0%| F|  |TAMS 0x00000000e4200000| PB 0x00000000e4200000| Untracked 
|  67|0x00000000e4300000, 0x00000000e4300000, 0x00000000e4400000|  0%| F|  |TAMS 0x00000000e4300000| PB 0x00000000e4300000| Untracked 
|  68|0x00000000e4400000, 0x00000000e4400000, 0x00000000e4500000|  0%| F|  |TAMS 0x00000000e4400000| PB 0x00000000e4400000| Untracked 
|  69|0x00000000e4500000, 0x00000000e4500000, 0x00000000e4600000|  0%| F|  |TAMS 0x00000000e4500000| PB 0x00000000e4500000| Untracked 
|  70|0x00000000e4600000, 0x00000000e4600000, 0x00000000e4700000|  0%| F|  |TAMS 0x00000000e4600000| PB 0x00000000e4600000| Untracked 
|  71|0x00000000e4700000, 0x00000000e4700000, 0x00000000e4800000|  0%| F|  |TAMS 0x00000000e4700000| PB 0x00000000e4700000| Untracked 
|  72|0x00000000e4800000, 0x00000000e4800000, 0x00000000e4900000|  0%| F|  |TAMS 0x00000000e4800000| PB 0x00000000e4800000| Untracked 
|  73|0x00000000e4900000, 0x00000000e4900000, 0x00000000e4a00000|  0%| F|  |TAMS 0x00000000e4900000| PB 0x00000000e4900000| Untracked 
|  74|0x00000000e4a00000, 0x00000000e4a00000, 0x00000000e4b00000|  0%| F|  |TAMS 0x00000000e4a00000| PB 0x00000000e4a00000| Untracked 
|  75|0x00000000e4b00000, 0x00000000e4b00000, 0x00000000e4c00000|  0%| F|  |TAMS 0x00000000e4b00000| PB 0x00000000e4b00000| Untracked 
|  76|0x00000000e4c00000, 0x00000000e4c00000, 0x00000000e4d00000|  0%| F|  |TAMS 0x00000000e4c00000| PB 0x00000000e4c00000| Untracked 
|  77|0x00000000e4d00000, 0x00000000e4d00000, 0x00000000e4e00000|  0%| F|  |TAMS 0x00000000e4d00000| PB 0x00000000e4d00000| Untracked 
|  78|0x00000000e4e00000, 0x00000000e4e00000, 0x00000000e4f00000|  0%| F|  |TAMS 0x00000000e4e00000| PB 0x00000000e4e00000| Untracked 
|  79|0x00000000e4f00000, 0x00000000e4f00000, 0x00000000e5000000|  0%| F|  |TAMS 0x00000000e4f00000| PB 0x00000000e4f00000| Untracked 
|  80|0x00000000e5000000, 0x00000000e5000000, 0x00000000e5100000|  0%| F|  |TAMS 0x00000000e5000000| PB 0x00000000e5000000| Untracked 
|  81|0x00000000e5100000, 0x00000000e5100000, 0x00000000e5200000|  0%| F|  |TAMS 0x00000000e5100000| PB 0x00000000e5100000| Untracked 
|  82|0x00000000e5200000, 0x00000000e5200000, 0x00000000e5300000|  0%| F|  |TAMS 0x00000000e5200000| PB 0x00000000e5200000| Untracked 
|  83|0x00000000e5300000, 0x00000000e5300000, 0x00000000e5400000|  0%| F|  |TAMS 0x00000000e5300000| PB 0x00000000e5300000| Untracked 
|  84|0x00000000e5400000, 0x00000000e5400000, 0x00000000e5500000|  0%| F|  |TAMS 0x00000000e5400000| PB 0x00000000e5400000| Untracked 
|  85|0x00000000e5500000, 0x00000000e5500000, 0x00000000e5600000|  0%| F|  |TAMS 0x00000000e5500000| PB 0x00000000e5500000| Untracked 
|  86|0x00000000e5600000, 0x00000000e5600000, 0x00000000e5700000|  0%| F|  |TAMS 0x00000000e5600000| PB 0x00000000e5600000| Untracked 
|  87|0x00000000e5700000, 0x00000000e5700000, 0x00000000e5800000|  0%| F|  |TAMS 0x00000000e5700000| PB 0x00000000e5700000| Untracked 
|  88|0x00000000e5800000, 0x00000000e5800000, 0x00000000e5900000|  0%| F|  |TAMS 0x00000000e5800000| PB 0x00000000e5800000| Untracked 
|  89|0x00000000e5900000, 0x00000000e5900000, 0x00000000e5a00000|  0%| F|  |TAMS 0x00000000e5900000| PB 0x00000000e5900000| Untracked 
|  90|0x00000000e5a00000, 0x00000000e5a00000, 0x00000000e5b00000|  0%| F|  |TAMS 0x00000000e5a00000| PB 0x00000000e5a00000| Untracked 
|  91|0x00000000e5b00000, 0x00000000e5b00000, 0x00000000e5c00000|  0%| F|  |TAMS 0x00000000e5b00000| PB 0x00000000e5b00000| Untracked 
|  92|0x00000000e5c00000, 0x00000000e5c00000, 0x00000000e5d00000|  0%| F|  |TAMS 0x00000000e5c00000| PB 0x00000000e5c00000| Untracked 
|  93|0x00000000e5d00000, 0x00000000e5d00000, 0x00000000e5e00000|  0%| F|  |TAMS 0x00000000e5d00000| PB 0x00000000e5d00000| Untracked 
|  94|0x00000000e5e00000, 0x00000000e5e00000, 0x00000000e5f00000|  0%| F|  |TAMS 0x00000000e5e00000| PB 0x00000000e5e00000| Untracked 
|  95|0x00000000e5f00000, 0x00000000e5f00000, 0x00000000e6000000|  0%| F|  |TAMS 0x00000000e5f00000| PB 0x00000000e5f00000| Untracked 
|  96|0x00000000e6000000, 0x00000000e6000000, 0x00000000e6100000|  0%| F|  |TAMS 0x00000000e6000000| PB 0x00000000e6000000| Untracked 
|  97|0x00000000e6100000, 0x00000000e6100000, 0x00000000e6200000|  0%| F|  |TAMS 0x00000000e6100000| PB 0x00000000e6100000| Untracked 
|  98|0x00000000e6200000, 0x00000000e6200000, 0x00000000e6300000|  0%| F|  |TAMS 0x00000000e6200000| PB 0x00000000e6200000| Untracked 
|  99|0x00000000e6300000, 0x00000000e6300000, 0x00000000e6400000|  0%| F|  |TAMS 0x00000000e6300000| PB 0x00000000e6300000| Untracked 
| 100|0x00000000e6400000, 0x00000000e6400000, 0x00000000e6500000|  0%| F|  |TAMS 0x00000000e6400000| PB 0x00000000e6400000| Untracked 
| 101|0x00000000e6500000, 0x00000000e6500000, 0x00000000e6600000|  0%| F|  |TAMS 0x00000000e6500000| PB 0x00000000e6500000| Untracked 
| 102|0x00000000e6600000, 0x00000000e6600000, 0x00000000e6700000|  0%| F|  |TAMS 0x00000000e6600000| PB 0x00000000e6600000| Untracked 
| 103|0x00000000e6700000, 0x00000000e6700000, 0x00000000e6800000|  0%| F|  |TAMS 0x00000000e6700000| PB 0x00000000e6700000| Untracked 
| 104|0x00000000e6800000, 0x00000000e6800000, 0x00000000e6900000|  0%| F|  |TAMS 0x00000000e6800000| PB 0x00000000e6800000| Untracked 
| 105|0x00000000e6900000, 0x00000000e6900000, 0x00000000e6a00000|  0%| F|  |TAMS 0x00000000e6900000| PB 0x00000000e6900000| Untracked 
| 106|0x00000000e6a00000, 0x00000000e6a00000, 0x00000000e6b00000|  0%| F|  |TAMS 0x00000000e6a00000| PB 0x00000000e6a00000| Untracked 
| 107|0x00000000e6b00000, 0x00000000e6b00000, 0x00000000e6c00000|  0%| F|  |TAMS 0x00000000e6b00000| PB 0x00000000e6b00000| Untracked 
| 108|0x00000000e6c00000, 0x00000000e6c00000, 0x00000000e6d00000|  0%| F|  |TAMS 0x00000000e6c00000| PB 0x00000000e6c00000| Untracked 
| 109|0x00000000e6d00000, 0x00000000e6d00000, 0x00000000e6e00000|  0%| F|  |TAMS 0x00000000e6d00000| PB 0x00000000e6d00000| Untracked 
| 110|0x00000000e6e00000, 0x00000000e6e00000, 0x00000000e6f00000|  0%| F|  |TAMS 0x00000000e6e00000| PB 0x00000000e6e00000| Untracked 
| 111|0x00000000e6f00000, 0x00000000e6f00000, 0x00000000e7000000|  0%| F|  |TAMS 0x00000000e6f00000| PB 0x00000000e6f00000| Untracked 
| 112|0x00000000e7000000, 0x00000000e7000000, 0x00000000e7100000|  0%| F|  |TAMS 0x00000000e7000000| PB 0x00000000e7000000| Untracked 
| 113|0x00000000e7100000, 0x00000000e7100000, 0x00000000e7200000|  0%| F|  |TAMS 0x00000000e7100000| PB 0x00000000e7100000| Untracked 
| 114|0x00000000e7200000, 0x00000000e7200000, 0x00000000e7300000|  0%| F|  |TAMS 0x00000000e7200000| PB 0x00000000e7200000| Untracked 
| 115|0x00000000e7300000, 0x00000000e7300000, 0x00000000e7400000|  0%| F|  |TAMS 0x00000000e7300000| PB 0x00000000e7300000| Untracked 
| 116|0x00000000e7400000, 0x00000000e7400000, 0x00000000e7500000|  0%| F|  |TAMS 0x00000000e7400000| PB 0x00000000e7400000| Untracked 
| 117|0x00000000e7500000, 0x00000000e7500000, 0x00000000e7600000|  0%| F|  |TAMS 0x00000000e7500000| PB 0x00000000e7500000| Untracked 
| 118|0x00000000e7600000, 0x00000000e7600000, 0x00000000e7700000|  0%| F|  |TAMS 0x00000000e7600000| PB 0x00000000e7600000| Untracked 
| 119|0x00000000e7700000, 0x00000000e7700000, 0x00000000e7800000|  0%| F|  |TAMS 0x00000000e7700000| PB 0x00000000e7700000| Untracked 
| 120|0x00000000e7800000, 0x00000000e7800000, 0x00000000e7900000|  0%| F|  |TAMS 0x00000000e7800000| PB 0x00000000e7800000| Untracked 
| 121|0x00000000e7900000, 0x00000000e7900000, 0x00000000e7a00000|  0%| F|  |TAMS 0x00000000e7900000| PB 0x00000000e7900000| Untracked 
| 122|0x00000000e7a00000, 0x00000000e7a00000, 0x00000000e7b00000|  0%| F|  |TAMS 0x00000000e7a00000| PB 0x00000000e7a00000| Untracked 
| 123|0x00000000e7b00000, 0x00000000e7b00000, 0x00000000e7c00000|  0%| F|  |TAMS 0x00000000e7b00000| PB 0x00000000e7b00000| Untracked 
| 124|0x00000000e7c00000, 0x00000000e7c00000, 0x00000000e7d00000|  0%| F|  |TAMS 0x00000000e7c00000| PB 0x00000000e7c00000| Untracked 
| 125|0x00000000e7d00000, 0x00000000e7d00000, 0x00000000e7e00000|  0%| F|  |TAMS 0x00000000e7d00000| PB 0x00000000e7d00000| Untracked 
| 126|0x00000000e7e00000, 0x00000000e7e00000, 0x00000000e7f00000|  0%| F|  |TAMS 0x00000000e7e00000| PB 0x00000000e7e00000| Untracked 
| 127|0x00000000e7f00000, 0x00000000e7f00000, 0x00000000e8000000|  0%| F|  |TAMS 0x00000000e7f00000| PB 0x00000000e7f00000| Untracked 
| 128|0x00000000e8000000, 0x00000000e8000000, 0x00000000e8100000|  0%| F|  |TAMS 0x00000000e8000000| PB 0x00000000e8000000| Untracked 
| 129|0x00000000e8100000, 0x00000000e8100000, 0x00000000e8200000|  0%| F|  |TAMS 0x00000000e8100000| PB 0x00000000e8100000| Untracked 
| 130|0x00000000e8200000, 0x00000000e8200000, 0x00000000e8300000|  0%| F|  |TAMS 0x00000000e8200000| PB 0x00000000e8200000| Untracked 
| 131|0x00000000e8300000, 0x00000000e8300000, 0x00000000e8400000|  0%| F|  |TAMS 0x00000000e8300000| PB 0x00000000e8300000| Untracked 
| 132|0x00000000e8400000, 0x00000000e8400000, 0x00000000e8500000|  0%| F|  |TAMS 0x00000000e8400000| PB 0x00000000e8400000| Untracked 
| 133|0x00000000e8500000, 0x00000000e8500000, 0x00000000e8600000|  0%| F|  |TAMS 0x00000000e8500000| PB 0x00000000e8500000| Untracked 
| 134|0x00000000e8600000, 0x00000000e8600000, 0x00000000e8700000|  0%| F|  |TAMS 0x00000000e8600000| PB 0x00000000e8600000| Untracked 
| 135|0x00000000e8700000, 0x00000000e8700000, 0x00000000e8800000|  0%| F|  |TAMS 0x00000000e8700000| PB 0x00000000e8700000| Untracked 
| 136|0x00000000e8800000, 0x00000000e8800000, 0x00000000e8900000|  0%| F|  |TAMS 0x00000000e8800000| PB 0x00000000e8800000| Untracked 
| 137|0x00000000e8900000, 0x00000000e8900000, 0x00000000e8a00000|  0%| F|  |TAMS 0x00000000e8900000| PB 0x00000000e8900000| Untracked 
| 138|0x00000000e8a00000, 0x00000000e8a00000, 0x00000000e8b00000|  0%| F|  |TAMS 0x00000000e8a00000| PB 0x00000000e8a00000| Untracked 
| 139|0x00000000e8b00000, 0x00000000e8b00000, 0x00000000e8c00000|  0%| F|  |TAMS 0x00000000e8b00000| PB 0x00000000e8b00000| Untracked 
| 140|0x00000000e8c00000, 0x00000000e8c00000, 0x00000000e8d00000|  0%| F|  |TAMS 0x00000000e8c00000| PB 0x00000000e8c00000| Untracked 
| 141|0x00000000e8d00000, 0x00000000e8d00000, 0x00000000e8e00000|  0%| F|  |TAMS 0x00000000e8d00000| PB 0x00000000e8d00000| Untracked 
| 142|0x00000000e8e00000, 0x00000000e8e00000, 0x00000000e8f00000|  0%| F|  |TAMS 0x00000000e8e00000| PB 0x00000000e8e00000| Untracked 
| 143|0x00000000e8f00000, 0x00000000e8f00000, 0x00000000e9000000|  0%| F|  |TAMS 0x00000000e8f00000| PB 0x00000000e8f00000| Untracked 
| 144|0x00000000e9000000, 0x00000000e9000000, 0x00000000e9100000|  0%| F|  |TAMS 0x00000000e9000000| PB 0x00000000e9000000| Untracked 
| 145|0x00000000e9100000, 0x00000000e9100000, 0x00000000e9200000|  0%| F|  |TAMS 0x00000000e9100000| PB 0x00000000e9100000| Untracked 
| 146|0x00000000e9200000, 0x00000000e9200000, 0x00000000e9300000|  0%| F|  |TAMS 0x00000000e9200000| PB 0x00000000e9200000| Untracked 
| 147|0x00000000e9300000, 0x00000000e9300000, 0x00000000e9400000|  0%| F|  |TAMS 0x00000000e9300000| PB 0x00000000e9300000| Untracked 
| 148|0x00000000e9400000, 0x00000000e9400000, 0x00000000e9500000|  0%| F|  |TAMS 0x00000000e9400000| PB 0x00000000e9400000| Untracked 
| 149|0x00000000e9500000, 0x00000000e9500000, 0x00000000e9600000|  0%| F|  |TAMS 0x00000000e9500000| PB 0x00000000e9500000| Untracked 
| 150|0x00000000e9600000, 0x00000000e9600000, 0x00000000e9700000|  0%| F|  |TAMS 0x00000000e9600000| PB 0x00000000e9600000| Untracked 
| 151|0x00000000e9700000, 0x00000000e9700000, 0x00000000e9800000|  0%| F|  |TAMS 0x00000000e9700000| PB 0x00000000e9700000| Untracked 
| 152|0x00000000e9800000, 0x00000000e9800000, 0x00000000e9900000|  0%| F|  |TAMS 0x00000000e9800000| PB 0x00000000e9800000| Untracked 
| 153|0x00000000e9900000, 0x00000000e9900000, 0x00000000e9a00000|  0%| F|  |TAMS 0x00000000e9900000| PB 0x00000000e9900000| Untracked 
| 154|0x00000000e9a00000, 0x00000000e9a00000, 0x00000000e9b00000|  0%| F|  |TAMS 0x00000000e9a00000| PB 0x00000000e9a00000| Untracked 
| 155|0x00000000e9b00000, 0x00000000e9b00000, 0x00000000e9c00000|  0%| F|  |TAMS 0x00000000e9b00000| PB 0x00000000e9b00000| Untracked 
| 156|0x00000000e9c00000, 0x00000000e9c00000, 0x00000000e9d00000|  0%| F|  |TAMS 0x00000000e9c00000| PB 0x00000000e9c00000| Untracked 
| 157|0x00000000e9d00000, 0x00000000e9d00000, 0x00000000e9e00000|  0%| F|  |TAMS 0x00000000e9d00000| PB 0x00000000e9d00000| Untracked 
| 158|0x00000000e9e00000, 0x00000000e9e00000, 0x00000000e9f00000|  0%| F|  |TAMS 0x00000000e9e00000| PB 0x00000000e9e00000| Untracked 
| 159|0x00000000e9f00000, 0x00000000e9f00000, 0x00000000ea000000|  0%| F|  |TAMS 0x00000000e9f00000| PB 0x00000000e9f00000| Untracked 
| 160|0x00000000ea000000, 0x00000000ea000000, 0x00000000ea100000|  0%| F|  |TAMS 0x00000000ea000000| PB 0x00000000ea000000| Untracked 
| 161|0x00000000ea100000, 0x00000000ea100000, 0x00000000ea200000|  0%| F|  |TAMS 0x00000000ea100000| PB 0x00000000ea100000| Untracked 
| 162|0x00000000ea200000, 0x00000000ea280800, 0x00000000ea300000| 50%| E|  |TAMS 0x00000000ea200000| PB 0x00000000ea200000| Complete 
| 163|0x00000000ea300000, 0x00000000ea400000, 0x00000000ea400000|100%| E|CS|TAMS 0x00000000ea300000| PB 0x00000000ea300000| Complete 
| 164|0x00000000ea400000, 0x00000000ea500000, 0x00000000ea500000|100%| E|CS|TAMS 0x00000000ea400000| PB 0x00000000ea400000| Complete 
| 165|0x00000000ea500000, 0x00000000ea600000, 0x00000000ea600000|100%| E|CS|TAMS 0x00000000ea500000| PB 0x00000000ea500000| Complete 
| 166|0x00000000ea600000, 0x00000000ea700000, 0x00000000ea700000|100%| E|CS|TAMS 0x00000000ea600000| PB 0x00000000ea600000| Complete 
| 167|0x00000000ea700000, 0x00000000ea800000, 0x00000000ea800000|100%| E|CS|TAMS 0x00000000ea700000| PB 0x00000000ea700000| Complete 
| 168|0x00000000ea800000, 0x00000000ea900000, 0x00000000ea900000|100%| E|CS|TAMS 0x00000000ea800000| PB 0x00000000ea800000| Complete 
| 169|0x00000000ea900000, 0x00000000eaa00000, 0x00000000eaa00000|100%| E|CS|TAMS 0x00000000ea900000| PB 0x00000000ea900000| Complete 
| 170|0x00000000eaa00000, 0x00000000eab00000, 0x00000000eab00000|100%| E|CS|TAMS 0x00000000eaa00000| PB 0x00000000eaa00000| Complete 
| 171|0x00000000eab00000, 0x00000000eac00000, 0x00000000eac00000|100%| E|CS|TAMS 0x00000000eab00000| PB 0x00000000eab00000| Complete 
| 172|0x00000000eac00000, 0x00000000ead00000, 0x00000000ead00000|100%| E|CS|TAMS 0x00000000eac00000| PB 0x00000000eac00000| Complete 
| 173|0x00000000ead00000, 0x00000000eae00000, 0x00000000eae00000|100%| E|CS|TAMS 0x00000000ead00000| PB 0x00000000ead00000| Complete 
| 174|0x00000000eae00000, 0x00000000eaf00000, 0x00000000eaf00000|100%| E|CS|TAMS 0x00000000eae00000| PB 0x00000000eae00000| Complete 
| 175|0x00000000eaf00000, 0x00000000eb000000, 0x00000000eb000000|100%| E|CS|TAMS 0x00000000eaf00000| PB 0x00000000eaf00000| Complete 
| 176|0x00000000eb000000, 0x00000000eb100000, 0x00000000eb100000|100%| E|CS|TAMS 0x00000000eb000000| PB 0x00000000eb000000| Complete 
| 177|0x00000000eb100000, 0x00000000eb200000, 0x00000000eb200000|100%| E|CS|TAMS 0x00000000eb100000| PB 0x00000000eb100000| Complete 
| 178|0x00000000eb200000, 0x00000000eb300000, 0x00000000eb300000|100%| E|CS|TAMS 0x00000000eb200000| PB 0x00000000eb200000| Complete 
| 179|0x00000000eb300000, 0x00000000eb400000, 0x00000000eb400000|100%| E|CS|TAMS 0x00000000eb300000| PB 0x00000000eb300000| Complete 
| 180|0x00000000eb400000, 0x00000000eb500000, 0x00000000eb500000|100%| E|CS|TAMS 0x00000000eb400000| PB 0x00000000eb400000| Complete 
| 181|0x00000000eb500000, 0x00000000eb600000, 0x00000000eb600000|100%| E|CS|TAMS 0x00000000eb500000| PB 0x00000000eb500000| Complete 
| 182|0x00000000eb600000, 0x00000000eb700000, 0x00000000eb700000|100%| E|CS|TAMS 0x00000000eb600000| PB 0x00000000eb600000| Complete 
| 183|0x00000000eb700000, 0x00000000eb800000, 0x00000000eb800000|100%| E|CS|TAMS 0x00000000eb700000| PB 0x00000000eb700000| Complete 
| 184|0x00000000eb800000, 0x00000000eb900000, 0x00000000eb900000|100%| E|CS|TAMS 0x00000000eb800000| PB 0x00000000eb800000| Complete 
| 185|0x00000000eb900000, 0x00000000eba00000, 0x00000000eba00000|100%| E|CS|TAMS 0x00000000eb900000| PB 0x00000000eb900000| Complete 
| 186|0x00000000eba00000, 0x00000000ebb00000, 0x00000000ebb00000|100%| E|CS|TAMS 0x00000000eba00000| PB 0x00000000eba00000| Complete 
| 187|0x00000000ebb00000, 0x00000000ebc00000, 0x00000000ebc00000|100%| E|CS|TAMS 0x00000000ebb00000| PB 0x00000000ebb00000| Complete 
| 188|0x00000000ebc00000, 0x00000000ebd00000, 0x00000000ebd00000|100%| E|CS|TAMS 0x00000000ebc00000| PB 0x00000000ebc00000| Complete 
| 189|0x00000000ebd00000, 0x00000000ebe00000, 0x00000000ebe00000|100%| E|CS|TAMS 0x00000000ebd00000| PB 0x00000000ebd00000| Complete 
| 190|0x00000000ebe00000, 0x00000000ebf00000, 0x00000000ebf00000|100%| E|CS|TAMS 0x00000000ebe00000| PB 0x00000000ebe00000| Complete 
| 191|0x00000000ebf00000, 0x00000000ec000000, 0x00000000ec000000|100%| E|CS|TAMS 0x00000000ebf00000| PB 0x00000000ebf00000| Complete 
| 192|0x00000000ec000000, 0x00000000ec100000, 0x00000000ec100000|100%| E|CS|TAMS 0x00000000ec000000| PB 0x00000000ec000000| Complete 
| 193|0x00000000ec100000, 0x00000000ec200000, 0x00000000ec200000|100%| E|CS|TAMS 0x00000000ec100000| PB 0x00000000ec100000| Complete 
| 194|0x00000000ec200000, 0x00000000ec300000, 0x00000000ec300000|100%| E|CS|TAMS 0x00000000ec200000| PB 0x00000000ec200000| Complete 
| 195|0x00000000ec300000, 0x00000000ec400000, 0x00000000ec400000|100%| E|CS|TAMS 0x00000000ec300000| PB 0x00000000ec300000| Complete 
| 196|0x00000000ec400000, 0x00000000ec500000, 0x00000000ec500000|100%| E|CS|TAMS 0x00000000ec400000| PB 0x00000000ec400000| Complete 
| 197|0x00000000ec500000, 0x00000000ec600000, 0x00000000ec600000|100%| E|CS|TAMS 0x00000000ec500000| PB 0x00000000ec500000| Complete 
| 198|0x00000000ec600000, 0x00000000ec700000, 0x00000000ec700000|100%| E|  |TAMS 0x00000000ec600000| PB 0x00000000ec600000| Complete 
| 199|0x00000000ec700000, 0x00000000ec800000, 0x00000000ec800000|100%| E|CS|TAMS 0x00000000ec700000| PB 0x00000000ec700000| Complete 
| 200|0x00000000ec800000, 0x00000000ec900000, 0x00000000ec900000|100%| E|CS|TAMS 0x00000000ec800000| PB 0x00000000ec800000| Complete 
| 201|0x00000000ec900000, 0x00000000eca00000, 0x00000000eca00000|100%| E|CS|TAMS 0x00000000ec900000| PB 0x00000000ec900000| Complete 
| 202|0x00000000eca00000, 0x00000000ecb00000, 0x00000000ecb00000|100%| E|CS|TAMS 0x00000000eca00000| PB 0x00000000eca00000| Complete 
| 203|0x00000000ecb00000, 0x00000000ecc00000, 0x00000000ecc00000|100%| E|CS|TAMS 0x00000000ecb00000| PB 0x00000000ecb00000| Complete 
| 204|0x00000000ecc00000, 0x00000000ecd00000, 0x00000000ecd00000|100%| E|CS|TAMS 0x00000000ecc00000| PB 0x00000000ecc00000| Complete 
| 205|0x00000000ecd00000, 0x00000000ece00000, 0x00000000ece00000|100%| E|CS|TAMS 0x00000000ecd00000| PB 0x00000000ecd00000| Complete 
| 206|0x00000000ece00000, 0x00000000ecf00000, 0x00000000ecf00000|100%| E|CS|TAMS 0x00000000ece00000| PB 0x00000000ece00000| Complete 
| 207|0x00000000ecf00000, 0x00000000ed000000, 0x00000000ed000000|100%| E|CS|TAMS 0x00000000ecf00000| PB 0x00000000ecf00000| Complete 
| 208|0x00000000ed000000, 0x00000000ed100000, 0x00000000ed100000|100%| E|CS|TAMS 0x00000000ed000000| PB 0x00000000ed000000| Complete 
| 209|0x00000000ed100000, 0x00000000ed200000, 0x00000000ed200000|100%| E|CS|TAMS 0x00000000ed100000| PB 0x00000000ed100000| Complete 
| 210|0x00000000ed200000, 0x00000000ed300000, 0x00000000ed300000|100%| E|CS|TAMS 0x00000000ed200000| PB 0x00000000ed200000| Complete 
| 211|0x00000000ed300000, 0x00000000ed400000, 0x00000000ed400000|100%| E|CS|TAMS 0x00000000ed300000| PB 0x00000000ed300000| Complete 
| 212|0x00000000ed400000, 0x00000000ed500000, 0x00000000ed500000|100%| E|CS|TAMS 0x00000000ed400000| PB 0x00000000ed400000| Complete 
| 213|0x00000000ed500000, 0x00000000ed600000, 0x00000000ed600000|100%| E|CS|TAMS 0x00000000ed500000| PB 0x00000000ed500000| Complete 
| 214|0x00000000ed600000, 0x00000000ed700000, 0x00000000ed700000|100%| E|CS|TAMS 0x00000000ed600000| PB 0x00000000ed600000| Complete 
| 215|0x00000000ed700000, 0x00000000ed800000, 0x00000000ed800000|100%| E|CS|TAMS 0x00000000ed700000| PB 0x00000000ed700000| Complete 
| 216|0x00000000ed800000, 0x00000000ed900000, 0x00000000ed900000|100%| E|CS|TAMS 0x00000000ed800000| PB 0x00000000ed800000| Complete 
| 217|0x00000000ed900000, 0x00000000eda00000, 0x00000000eda00000|100%| E|CS|TAMS 0x00000000ed900000| PB 0x00000000ed900000| Complete 
| 218|0x00000000eda00000, 0x00000000edb00000, 0x00000000edb00000|100%| E|CS|TAMS 0x00000000eda00000| PB 0x00000000eda00000| Complete 
| 219|0x00000000edb00000, 0x00000000edc00000, 0x00000000edc00000|100%| E|CS|TAMS 0x00000000edb00000| PB 0x00000000edb00000| Complete 
| 220|0x00000000edc00000, 0x00000000edd00000, 0x00000000edd00000|100%| E|CS|TAMS 0x00000000edc00000| PB 0x00000000edc00000| Complete 
| 221|0x00000000edd00000, 0x00000000ede00000, 0x00000000ede00000|100%| E|CS|TAMS 0x00000000edd00000| PB 0x00000000edd00000| Complete 
| 222|0x00000000ede00000, 0x00000000edf00000, 0x00000000edf00000|100%| E|CS|TAMS 0x00000000ede00000| PB 0x00000000ede00000| Complete 
| 223|0x00000000edf00000, 0x00000000ee000000, 0x00000000ee000000|100%| E|CS|TAMS 0x00000000edf00000| PB 0x00000000edf00000| Complete 
| 224|0x00000000ee000000, 0x00000000ee100000, 0x00000000ee100000|100%| E|CS|TAMS 0x00000000ee000000| PB 0x00000000ee000000| Complete 
| 225|0x00000000ee100000, 0x00000000ee200000, 0x00000000ee200000|100%| E|CS|TAMS 0x00000000ee100000| PB 0x00000000ee100000| Complete 
| 226|0x00000000ee200000, 0x00000000ee300000, 0x00000000ee300000|100%| E|CS|TAMS 0x00000000ee200000| PB 0x00000000ee200000| Complete 
| 227|0x00000000ee300000, 0x00000000ee400000, 0x00000000ee400000|100%| E|CS|TAMS 0x00000000ee300000| PB 0x00000000ee300000| Complete 
| 228|0x00000000ee400000, 0x00000000ee500000, 0x00000000ee500000|100%| E|CS|TAMS 0x00000000ee400000| PB 0x00000000ee400000| Complete 
| 229|0x00000000ee500000, 0x00000000ee600000, 0x00000000ee600000|100%| E|CS|TAMS 0x00000000ee500000| PB 0x00000000ee500000| Complete 
| 230|0x00000000ee600000, 0x00000000ee700000, 0x00000000ee700000|100%| E|CS|TAMS 0x00000000ee600000| PB 0x00000000ee600000| Complete 
| 231|0x00000000ee700000, 0x00000000ee800000, 0x00000000ee800000|100%| E|CS|TAMS 0x00000000ee700000| PB 0x00000000ee700000| Complete 
| 232|0x00000000ee800000, 0x00000000ee900000, 0x00000000ee900000|100%| E|CS|TAMS 0x00000000ee800000| PB 0x00000000ee800000| Complete 
| 233|0x00000000ee900000, 0x00000000eea00000, 0x00000000eea00000|100%| S|CS|TAMS 0x00000000ee900000| PB 0x00000000ee900000| Complete 
| 234|0x00000000eea00000, 0x00000000eeb00000, 0x00000000eeb00000|100%| S|CS|TAMS 0x00000000eea00000| PB 0x00000000eea00000| Complete 
| 235|0x00000000eeb00000, 0x00000000eec00000, 0x00000000eec00000|100%| S|CS|TAMS 0x00000000eeb00000| PB 0x00000000eeb00000| Complete 
| 236|0x00000000eec00000, 0x00000000eed00000, 0x00000000eed00000|100%| E|CS|TAMS 0x00000000eec00000| PB 0x00000000eec00000| Complete 
| 237|0x00000000eed00000, 0x00000000eee00000, 0x00000000eee00000|100%| E|CS|TAMS 0x00000000eed00000| PB 0x00000000eed00000| Complete 
| 238|0x00000000eee00000, 0x00000000eef00000, 0x00000000eef00000|100%| E|CS|TAMS 0x00000000eee00000| PB 0x00000000eee00000| Complete 
| 239|0x00000000eef00000, 0x00000000ef000000, 0x00000000ef000000|100%| E|CS|TAMS 0x00000000eef00000| PB 0x00000000eef00000| Complete 
| 240|0x00000000ef000000, 0x00000000ef100000, 0x00000000ef100000|100%| E|CS|TAMS 0x00000000ef000000| PB 0x00000000ef000000| Complete 
| 241|0x00000000ef100000, 0x00000000ef200000, 0x00000000ef200000|100%| E|CS|TAMS 0x00000000ef100000| PB 0x00000000ef100000| Complete 
| 242|0x00000000ef200000, 0x00000000ef300000, 0x00000000ef300000|100%| E|CS|TAMS 0x00000000ef200000| PB 0x00000000ef200000| Complete 
| 243|0x00000000ef300000, 0x00000000ef400000, 0x00000000ef400000|100%| E|CS|TAMS 0x00000000ef300000| PB 0x00000000ef300000| Complete 
| 244|0x00000000ef400000, 0x00000000ef500000, 0x00000000ef500000|100%| E|CS|TAMS 0x00000000ef400000| PB 0x00000000ef400000| Complete 
| 245|0x00000000ef500000, 0x00000000ef600000, 0x00000000ef600000|100%| E|CS|TAMS 0x00000000ef500000| PB 0x00000000ef500000| Complete 
| 246|0x00000000ef600000, 0x00000000ef700000, 0x00000000ef700000|100%| E|CS|TAMS 0x00000000ef600000| PB 0x00000000ef600000| Complete 
| 247|0x00000000ef700000, 0x00000000ef800000, 0x00000000ef800000|100%| E|CS|TAMS 0x00000000ef700000| PB 0x00000000ef700000| Complete 
| 248|0x00000000ef800000, 0x00000000ef900000, 0x00000000ef900000|100%| E|CS|TAMS 0x00000000ef800000| PB 0x00000000ef800000| Complete 
| 249|0x00000000ef900000, 0x00000000efa00000, 0x00000000efa00000|100%| E|CS|TAMS 0x00000000ef900000| PB 0x00000000ef900000| Complete 
| 250|0x00000000efa00000, 0x00000000efb00000, 0x00000000efb00000|100%| E|CS|TAMS 0x00000000efa00000| PB 0x00000000efa00000| Complete 
| 251|0x00000000efb00000, 0x00000000efc00000, 0x00000000efc00000|100%| E|CS|TAMS 0x00000000efb00000| PB 0x00000000efb00000| Complete 
| 252|0x00000000efc00000, 0x00000000efd00000, 0x00000000efd00000|100%| E|CS|TAMS 0x00000000efc00000| PB 0x00000000efc00000| Complete 
| 253|0x00000000efd00000, 0x00000000efe00000, 0x00000000efe00000|100%| E|CS|TAMS 0x00000000efd00000| PB 0x00000000efd00000| Complete 
| 254|0x00000000efe00000, 0x00000000eff00000, 0x00000000eff00000|100%| E|CS|TAMS 0x00000000efe00000| PB 0x00000000efe00000| Complete 
| 255|0x00000000eff00000, 0x00000000f0000000, 0x00000000f0000000|100%| E|CS|TAMS 0x00000000eff00000| PB 0x00000000eff00000| Complete 

Card table byte_map: [0x0000026df88b0000,0x0000026df89b0000] _byte_map_base: 0x0000026df81b0000

Marking Bits: (CMBitMap*) 0x0000026df047a990
 Bits: [0x0000026df89b0000, 0x0000026df91b0000)

Polling page: 0x0000026dee3a0000

Metaspace:

Usage:
  Non-class:     10.32 MB used.
      Class:      1.59 MB used.
       Both:     11.91 MB used.

Virtual space:
  Non-class space:       64.00 MB reserved,      10.56 MB ( 17%) committed,  1 nodes.
      Class space:      320.00 MB reserved,       1.75 MB ( <1%) committed,  1 nodes.
             Both:      384.00 MB reserved,      12.31 MB (  3%) committed. 

Chunk freelists:
   Non-Class:  5.17 MB
       Class:  14.24 MB
        Both:  19.41 MB

MaxMetaspaceSize: 384.00 MB
CompressedClassSpaceSize: 320.00 MB
Initial GC threshold: 21.00 MB
Current GC threshold: 21.00 MB
CDS: on
 - commit_granule_bytes: 65536.
 - commit_granule_words: 8192.
 - virtual_space_node_default_size: 8388608.
 - enlarge_chunks_in_place: 1.
 - use_allocation_guard: 0.


Internal statistics:

num_allocs_failed_limit: 0.
num_arena_births: 390.
num_arena_deaths: 0.
num_vsnodes_births: 2.
num_vsnodes_deaths: 0.
num_space_committed: 197.
num_space_uncommitted: 0.
num_chunks_returned_to_freelist: 0.
num_chunks_taken_from_freelist: 751.
num_chunk_merges: 0.
num_chunk_splits: 481.
num_chunks_enlarged: 343.
num_inconsistent_stats: 0.

CodeHeap 'non-profiled nmethods': size=120000Kb used=1096Kb max_used=1096Kb free=118903Kb
 bounds [0x0000026d87ad0000, 0x0000026d87d40000, 0x0000026d8f000000]
CodeHeap 'profiled nmethods': size=120000Kb used=4800Kb max_used=4800Kb free=115199Kb
 bounds [0x0000026d80000000, 0x0000026d804c0000, 0x0000026d87530000]
CodeHeap 'non-nmethods': size=5760Kb used=1449Kb max_used=1468Kb free=4310Kb
 bounds [0x0000026d87530000, 0x0000026d877a0000, 0x0000026d87ad0000]
 total_blobs=2934 nmethods=2396 adapters=442
 compilation: enabled
              stopped_count=0, restarted_count=0
 full_count=0

Compilation events (20 events):
Event: 9.449 Thread 0x0000026dfb7ede10 nmethod 2383 0x0000026d804a6d90 code [0x0000026d804a6f20, 0x0000026d804a7010]
Event: 9.451 Thread 0x0000026dfb7ede10 2384       3       java.lang.invoke.LambdaFormEditor$TransformKey::packedBytes (37 bytes)
Event: 9.451 Thread 0x0000026dfb7ede10 nmethod 2384 0x0000026d804a7090 code [0x0000026d804a7220, 0x0000026d804a7330]
Event: 9.451 Thread 0x0000026dfb7ede10 2385       3       java.lang.invoke.LambdaFormEditor$TransformKey::of (51 bytes)
Event: 9.452 Thread 0x0000026dfb7b3df0 2386       4       jdk.internal.org.objectweb.asm.SymbolTable::addType (81 bytes)
Event: 9.452 Thread 0x0000026dfb7ede10 nmethod 2385 0x0000026d804a7390 code [0x0000026d804a75a0, 0x0000026d804a7a68]
Event: 9.456 Thread 0x0000026dfb7b3df0 nmethod 2386 0x0000026d87be0290 code [0x0000026d87be0460, 0x0000026d87be0920]
Event: 9.456 Thread 0x0000026dfb7b3df0 2387       4       java.lang.StringConcatHelper::newString (67 bytes)
Event: 9.457 Thread 0x0000026dfb7b3df0 nmethod 2387 0x0000026d87be0c10 code [0x0000026d87be0da0, 0x0000026d87be0ec0]
Event: 9.459 Thread 0x0000026dfb7ede10 2388       3       java.lang.invoke.MethodHandles$Lookup::findBoundCallerLookup (30 bytes)
Event: 9.460 Thread 0x0000026dfb7ede10 nmethod 2388 0x0000026d804a7c10 code [0x0000026d804a7e20, 0x0000026d804a8498]
Event: 9.460 Thread 0x0000026dfb7ede10 2389       3       java.lang.invoke.MethodHandles$Lookup::getDirectMethodCommon (300 bytes)
Event: 9.461 Thread 0x0000026dfb7ede10 nmethod 2389 0x0000026d804a8710 code [0x0000026d804a8a80, 0x0000026d804a9bf0]
Event: 9.461 Thread 0x0000026dfb7ede10 2390       3       java.lang.invoke.MethodHandles$Lookup::checkMethod (87 bytes)
Event: 9.461 Thread 0x0000026dfb7ede10 nmethod 2390 0x0000026d804aa210 code [0x0000026d804aa420, 0x0000026d804aaaa8]
Event: 9.463 Thread 0x0000026dfb7ede10 2391       3       java.lang.reflect.Method::invoke (108 bytes)
Event: 9.463 Thread 0x0000026dfb7ede10 nmethod 2391 0x0000026d804aac90 code [0x0000026d804aaec0, 0x0000026d804ab560]
Event: 9.464 Thread 0x0000026dfb7b3df0 2394       4       java.util.Arrays::copyOf (40 bytes)
Event: 9.466 Thread 0x0000026dfb7b3df0 nmethod 2394 0x0000026d87be1590 code [0x0000026d87be1740, 0x0000026d87be1c38]
Event: 9.467 Thread 0x0000026dfb7b3df0 2395       4       java.lang.StringBuilder::append (8 bytes)

GC Heap History (4 events):
Event: 0.851 GC heap before
{Heap before GC invocations=0 (full 0):
 garbage-first heap   total 262144K, used 13312K [0x00000000e0000000, 0x0000000100000000)
  region size 1024K, 13 young (13312K), 0 survivors (0K)
 Metaspace       used 846K, committed 1024K, reserved 393216K
  class space    used 72K, committed 128K, reserved 327680K
}
Event: 0.899 GC heap after
{Heap after GC invocations=1 (full 0):
 garbage-first heap   total 262144K, used 1408K [0x00000000e0000000, 0x0000000100000000)
  region size 1024K, 2 young (2048K), 2 survivors (2048K)
 Metaspace       used 846K, committed 1024K, reserved 393216K
  class space    used 72K, committed 128K, reserved 327680K
}
Event: 4.540 GC heap before
{Heap before GC invocations=1 (full 0):
 garbage-first heap   total 262144K, used 22912K [0x00000000e0000000, 0x0000000100000000)
  region size 1024K, 20 young (20480K), 2 survivors (2048K)
 Metaspace       used 3289K, committed 3456K, reserved 393216K
  class space    used 416K, committed 512K, reserved 327680K
}
Event: 4.544 GC heap after
{Heap after GC invocations=2 (full 0):
 garbage-first heap   total 262144K, used 10618K [0x00000000e0000000, 0x0000000100000000)
  region size 1024K, 3 young (3072K), 3 survivors (3072K)
 Metaspace       used 3289K, committed 3456K, reserved 393216K
  class space    used 416K, committed 512K, reserved 327680K
}

Dll operation events (15 events):
Event: 0.039 Loaded shared library C:\Users\pc\.jdks\openjdk-21.0.2\bin\java.dll
Event: 0.195 Loaded shared library C:\Users\pc\.jdks\openjdk-21.0.2\bin\jsvml.dll
Event: 0.437 Loaded shared library C:\Users\pc\.jdks\openjdk-21.0.2\bin\zip.dll
Event: 0.449 Loaded shared library C:\Users\pc\.jdks\openjdk-21.0.2\bin\instrument.dll
Event: 0.453 Loaded shared library C:\Users\pc\.jdks\openjdk-21.0.2\bin\net.dll
Event: 0.455 Loaded shared library C:\Users\pc\.jdks\openjdk-21.0.2\bin\nio.dll
Event: 0.461 Loaded shared library C:\Users\pc\.jdks\openjdk-21.0.2\bin\zip.dll
Event: 0.995 Loaded shared library C:\Users\pc\.jdks\openjdk-21.0.2\bin\jimage.dll
Event: 1.924 Loaded shared library C:\Users\pc\.jdks\openjdk-21.0.2\bin\verify.dll
Event: 2.254 Loaded shared library F:\.gradle\native\c067742578af261105cb4f569cf0c3c89f3d7b1fecec35dd04571415982c5e48\windows-amd64\native-platform.dll
Event: 4.360 Loaded shared library F:\.gradle\native\100fb08df4bc3b14c8652ba06237920a3bd2aa13389f12d3474272988ae205f9\windows-amd64\native-platform-file-events.dll
Event: 7.716 Loaded shared library C:\Users\pc\.jdks\openjdk-21.0.2\bin\management.dll
Event: 7.721 Loaded shared library C:\Users\pc\.jdks\openjdk-21.0.2\bin\management_ext.dll
Event: 8.883 Loaded shared library C:\Users\pc\.jdks\openjdk-21.0.2\bin\extnet.dll
Event: 9.016 Loaded shared library C:\Users\pc\.jdks\openjdk-21.0.2\bin\sunmscapi.dll

Deoptimization events (20 events):
Event: 9.029 Thread 0x0000026da903e980 Uncommon trap: trap_request=0xffffff45 fr.pc=0x0000026d87b691ac relative=0x000000000000204c
Event: 9.029 Thread 0x0000026da903e980 Uncommon trap: reason=unstable_if action=reinterpret pc=0x0000026d87b691ac method=sun.nio.fs.WindowsPathParser.normalize(Ljava/lang/StringBuilder;Ljava/lang/String;I)Ljava/lang/String; @ 172 c2
Event: 9.029 Thread 0x0000026da903e980 DEOPT PACKING pc=0x0000026d87b691ac sp=0x000000742bffe6d0
Event: 9.029 Thread 0x0000026da903e980 DEOPT UNPACKING pc=0x0000026d875846a2 sp=0x000000742bffe6d0 mode 2
Event: 9.054 Thread 0x0000026da987af40 Uncommon trap: trap_request=0xffffff45 fr.pc=0x0000026d87aeef84 relative=0x00000000000001c4
Event: 9.054 Thread 0x0000026da987af40 Uncommon trap: reason=unstable_if action=reinterpret pc=0x0000026d87aeef84 method=java.util.regex.Matcher.reset()Ljava/util/regex/Matcher; @ 47 c2
Event: 9.054 Thread 0x0000026da987af40 DEOPT PACKING pc=0x0000026d87aeef84 sp=0x000000742c2fd840
Event: 9.054 Thread 0x0000026da987af40 DEOPT UNPACKING pc=0x0000026d875846a2 sp=0x000000742c2fd7d0 mode 2
Event: 9.054 Thread 0x0000026da987af40 Uncommon trap: trap_request=0xffffff45 fr.pc=0x0000026d87af39ec relative=0x00000000000006cc
Event: 9.054 Thread 0x0000026da987af40 Uncommon trap: reason=unstable_if action=reinterpret pc=0x0000026d87af39ec method=java.util.regex.Matcher.match(II)Z @ 76 c2
Event: 9.054 Thread 0x0000026da987af40 DEOPT PACKING pc=0x0000026d87af39ec sp=0x000000742c2fd870
Event: 9.054 Thread 0x0000026da987af40 DEOPT UNPACKING pc=0x0000026d875846a2 sp=0x000000742c2fd830 mode 2
Event: 9.054 Thread 0x0000026da987af40 Uncommon trap: trap_request=0xffffffde fr.pc=0x0000026d87b9611c relative=0x000000000000033c
Event: 9.054 Thread 0x0000026da987af40 Uncommon trap: reason=class_check action=maybe_recompile pc=0x0000026d87b9611c method=java.util.regex.Pattern$BmpCharPropertyGreedy.match(Ljava/util/regex/Matcher;ILjava/lang/CharSequence;)Z @ 26 c2
Event: 9.054 Thread 0x0000026da987af40 DEOPT PACKING pc=0x0000026d87b9611c sp=0x000000742c2fd6e0
Event: 9.054 Thread 0x0000026da987af40 DEOPT UNPACKING pc=0x0000026d875846a2 sp=0x000000742c2fd698 mode 2
Event: 9.054 Thread 0x0000026da987af40 Uncommon trap: trap_request=0xffffffde fr.pc=0x0000026d87b9611c relative=0x000000000000033c
Event: 9.054 Thread 0x0000026da987af40 Uncommon trap: reason=class_check action=maybe_recompile pc=0x0000026d87b9611c method=java.util.regex.Pattern$BmpCharPropertyGreedy.match(Ljava/util/regex/Matcher;ILjava/lang/CharSequence;)Z @ 26 c2
Event: 9.054 Thread 0x0000026da987af40 DEOPT PACKING pc=0x0000026d87b9611c sp=0x000000742c2fd3d0
Event: 9.054 Thread 0x0000026da987af40 DEOPT UNPACKING pc=0x0000026d875846a2 sp=0x000000742c2fd368 mode 2

Classes loaded (20 events):
Event: 9.092 Loading class java/util/concurrent/CountDownLatch$Sync
Event: 9.092 Loading class java/util/concurrent/CountDownLatch$Sync done
Event: 9.093 Loading class jdk/internal/event/ThreadSleepEvent
Event: 9.093 Loading class jdk/internal/event/ThreadSleepEvent done
Event: 9.093 Loading class java/math/MathContext
Event: 9.093 Loading class java/math/MathContext done
Event: 9.093 Loading class java/math/BigDecimal
Event: 9.094 Loading class java/math/BigDecimal done
Event: 9.103 Loading class sun/reflect/generics/tree/VoidDescriptor
Event: 9.103 Loading class sun/reflect/generics/tree/VoidDescriptor done
Event: 9.245 Loading class java/lang/management/MemoryType
Event: 9.245 Loading class java/lang/management/MemoryType done
Event: 9.245 Loading class java/lang/management/MemoryUsage
Event: 9.246 Loading class java/lang/management/MemoryUsage done
Event: 9.246 Loading class java/util/concurrent/LinkedBlockingDeque$Node
Event: 9.250 Loading class java/util/concurrent/LinkedBlockingDeque$Node done
Event: 9.428 Loading class java/util/concurrent/atomic/AtomicReferenceArray
Event: 9.428 Loading class java/util/concurrent/atomic/AtomicReferenceArray done
Event: 9.428 Loading class java/lang/invoke/VarHandleReferences$Array
Event: 9.428 Loading class java/lang/invoke/VarHandleReferences$Array done

Classes unloaded (0 events):
No events

Classes redefined (0 events):
No events

Internal exceptions (20 events):
Event: 8.176 Thread 0x0000026df0450ce0 Exception <a 'java/lang/NoSuchMethodError'{0x00000000eba85510}: 'java.lang.Object java.lang.invoke.DirectMethodHandle$Holder.invokeInterface(java.lang.Object, java.lang.Object)'> (0x00000000eba85510) 
thrown [s\open\src\hotspot\share\interpreter\linkResolver.cpp, line 773]
Event: 8.198 Thread 0x0000026df0450ce0 Exception <a 'java/lang/NoSuchMethodError'{0x00000000ebaace40}: 'java.lang.Object java.lang.invoke.DirectMethodHandle$Holder.invokeVirtual(java.lang.Object, java.lang.Object, java.lang.Object, java.lang.Object, java.lang.Object)'> (0x00000000ebaace40) 
thrown [s\open\src\hotspot\share\interpreter\linkResolver.cpp, line 773]
Event: 8.206 Thread 0x0000026df0450ce0 Exception <a 'java/lang/NoSuchMethodError'{0x00000000ebabfd90}: 'java.lang.Object java.lang.invoke.Invokers$Holder.invokeExact_MT(java.lang.Object, java.lang.Object, java.lang.Object, java.lang.Object, java.lang.Object, java.lang.Object)'> (0x00000000ebabfd90) 
thrown [s\open\src\hotspot\share\interpreter\linkResolver.cpp, line 773]
Event: 8.244 Thread 0x0000026df0450ce0 Exception <a 'java/lang/NoSuchMethodError'{0x00000000eb94b188}: 'java.lang.Object java.lang.invoke.DelegatingMethodHandle$Holder.reinvoke_L(java.lang.Object, java.lang.Object, java.lang.Object, java.lang.Object, java.lang.Object, java.lang.Object, java.lang.Object, java.lang.Object, java.lang.Object, java.lang.Object, java.lang.Object, java.lang.Object, java.lang.Object, java.lang.Object)'> (0x00000000eb94b188) 
thrown [s\open\src\hotspot\share\interpreter\linkResolver.cpp, line 773]
Event: 8.352 Thread 0x0000026df0450ce0 Exception <a 'java/lang/NoSuchMethodError'{0x00000000eb997578}: 'java.lang.Object java.lang.invoke.DirectMethodHandle$Holder.invokeStatic(java.lang.Object, java.lang.Object, java.lang.Object, java.lang.Object, java.lang.Object, java.lang.Object, java.lang.Object, java.lang.Object, java.lang.Object, java.lang.Object, java.lang.Object, java.lang.Object, java.lang.Object)'> (0x00000000eb997578) 
thrown [s\open\src\hotspot\share\interpreter\linkResolver.cpp, line 773]
Event: 8.355 Thread 0x0000026df0450ce0 Exception <a 'java/lang/NoSuchMethodError'{0x00000000eb80c4e0}: 'java.lang.Object java.lang.invoke.DirectMethodHandle$Holder.invokeStatic(java.lang.Object, java.lang.Object, java.lang.Object, java.lang.Object, java.lang.Object, java.lang.Object, java.lang.Object, java.lang.Object, java.lang.Object, java.lang.Object, java.lang.Object, java.lang.Object, java.lang.Object, java.lang.Object)'> (0x00000000eb80c4e0) 
thrown [s\open\src\hotspot\share\interpreter\linkResolver.cpp, line 773]
Event: 8.364 Thread 0x0000026df0450ce0 Exception <a 'java/lang/NoSuchMethodError'{0x00000000eb82c610}: 'java.lang.Object java.lang.invoke.DirectMethodHandle$Holder.invokeStatic(java.lang.Object, java.lang.Object, java.lang.Object, java.lang.Object, java.lang.Object, java.lang.Object, java.lang.Object, java.lang.Object, java.lang.Object, java.lang.Object, java.lang.Object, java.lang.Object, java.lang.Object, java.lang.Object, java.lang.Object)'> (0x00000000eb82c610) 
thrown [s\open\src\hotspot\share\interpreter\linkResolver.cpp, line 773]
Event: 8.390 Thread 0x0000026df0450ce0 Exception <a 'java/lang/NoSuchMethodError'{0x00000000eb84eca0}: 'java.lang.Object java.lang.invoke.DirectMethodHandle$Holder.invokeStatic(java.lang.Object, java.lang.Object, java.lang.Object, java.lang.Object, java.lang.Object, java.lang.Object, java.lang.Object, java.lang.Object, java.lang.Object, java.lang.Object, java.lang.Object, java.lang.Object, java.lang.Object, java.lang.Object, java.lang.Object, java.lang.Object)'> (0x00000000eb84eca0) 
thrown [s\open\src\hotspot\share\interpreter\linkResolver.cpp
Event: 8.648 Thread 0x0000026df0450ce0 Exception <a 'java/lang/NoSuchMethodError'{0x00000000eb6a67d8}: 'java.lang.Object java.lang.invoke.DirectMethodHandle$Holder.invokeVirtual(java.lang.Object, java.lang.Object, java.lang.Object, java.lang.Object, java.lang.Object, java.lang.Object, java.lang.Object)'> (0x00000000eb6a67d8) 
thrown [s\open\src\hotspot\share\interpreter\linkResolver.cpp, line 773]
Event: 8.708 Thread 0x0000026df0450ce0 Exception <a 'java/lang/NoSuchMethodError'{0x00000000eb5342d0}: 'java.lang.Object java.lang.invoke.DirectMethodHandle$Holder.invokeVirtual(java.lang.Object, java.lang.Object, java.lang.Object, java.lang.Object, java.lang.Object, java.lang.Object, java.lang.Object, java.lang.Object, java.lang.Object)'> (0x00000000eb5342d0) 
thrown [s\open\src\hotspot\share\interpreter\linkResolver.cpp, line 773]
Event: 8.815 Thread 0x0000026df0450ce0 Exception <a 'java/lang/NoSuchMethodError'{0x00000000eb4cc7e8}: 'java.lang.Object java.lang.invoke.DirectMethodHandle$Holder.invokeStaticInit(java.lang.Object, int, int, int, int)'> (0x00000000eb4cc7e8) 
thrown [s\open\src\hotspot\share\interpreter\linkResolver.cpp, line 773]
Event: 8.863 Thread 0x0000026df0450ce0 Exception <a 'java/lang/NoSuchMethodError'{0x00000000eb341530}: 'java.lang.Object java.lang.invoke.DirectMethodHandle$Holder.invokeStaticInit(java.lang.Object, java.lang.Object, int, int, int, int)'> (0x00000000eb341530) 
thrown [s\open\src\hotspot\share\interpreter\linkResolver.cpp, line 773]
Event: 8.992 Thread 0x0000026df0450ce0 Exception <a 'java/io/IOException'{0x00000000eb0d1f48}> (0x00000000eb0d1f48) 
thrown [s\open\src\hotspot\share\prims\jni.cpp, line 520]
Event: 9.014 Thread 0x0000026df0450ce0 Implicit null exception at 0x0000026d87b1fca4 to 0x0000026d87b20320
Event: 9.022 Thread 0x0000026df0450ce0 Exception <a 'java/lang/NoSuchMethodError'{0x00000000eae33018}: 'java.lang.Object java.lang.invoke.DirectMethodHandle$Holder.newInvokeSpecial(java.lang.Object, java.lang.Object, java.lang.Object, java.lang.Object, java.lang.Object)'> (0x00000000eae33018) 
thrown [s\open\src\hotspot\share\interpreter\linkResolver.cpp, line 773]
Event: 9.084 Thread 0x0000026da987a130 Exception <a 'java/lang/NoSuchMethodError'{0x00000000eade1f08}: 'void java.lang.invoke.DirectMethodHandle$Holder.invokeSpecial(java.lang.Object, java.lang.Object, java.lang.Object)'> (0x00000000eade1f08) 
thrown [s\open\src\hotspot\share\interpreter\linkResolver.cpp, line 773]
Event: 9.194 Thread 0x0000026da8d83380 Exception <a 'java/lang/NoSuchMethodError'{0x00000000ea759580}: 'long java.lang.invoke.DirectMethodHandle$Holder.invokeInterface(java.lang.Object, java.lang.Object)'> (0x00000000ea759580) 
thrown [s\open\src\hotspot\share\interpreter\linkResolver.cpp, line 773]
Event: 9.449 Thread 0x0000026da8d83380 Exception <a 'java/lang/NoSuchMethodError'{0x00000000ea38ebe8}: 'void java.lang.invoke.DirectMethodHandle$Holder.invokeStatic(java.lang.Object, java.lang.Object)'> (0x00000000ea38ebe8) 
thrown [s\open\src\hotspot\share\interpreter\linkResolver.cpp, line 773]
Event: 9.463 Thread 0x0000026da8d83380 Exception <a 'java/lang/NoSuchMethodError'{0x00000000ea3cfee0}: 'java.lang.Object java.lang.invoke.DirectMethodHandle$Holder.invokeVirtual(java.lang.Object, java.lang.Object, java.lang.Object, java.lang.Object, java.lang.Object, java.lang.Object, java.lang.Object, java.lang.Object, java.lang.Object, java.lang.Object, java.lang.Object, java.lang.Object)'> (0x00000000ea3cfee0) 
thrown [s\open\src\hotspot\share\interpreter\linkResolver.cpp, line 773]
Event: 9.463 Thread 0x0000026da8d83380 Exception <a 'java/lang/NoSuchMethodError'{0x00000000ea3d4e58}: 'java.lang.Object java.lang.invoke.DirectMethodHandle$Holder.invokeSpecial(java.lang.Object, java.lang.Object, java.lang.Object, java.lang.Object, java.lang.Object, java.lang.Object, java.lang.Object, java.lang.Object, java.lang.Object, java.lang.Object, java.lang.Object, java.lang.Object, java.lang.Object)'> (0x00000000ea3d4e58) 
thrown [s\open\src\hotspot\share\interpreter\linkResolver.cpp, line 773]

ZGC Phase Switch (0 events):
No events

VM Operations (20 events):
Event: 8.164 Executing VM operation: Cleanup
Event: 8.164 Executing VM operation: Cleanup done
Event: 8.228 Executing VM operation: HandshakeAllThreads (Deoptimize)
Event: 8.228 Executing VM operation: HandshakeAllThreads (Deoptimize) done
Event: 8.234 Executing VM operation: HandshakeAllThreads (Deoptimize)
Event: 8.234 Executing VM operation: HandshakeAllThreads (Deoptimize) done
Event: 8.234 Executing VM operation: HandshakeAllThreads (Deoptimize)
Event: 8.234 Executing VM operation: HandshakeAllThreads (Deoptimize) done
Event: 8.485 Executing VM operation: HandshakeAllThreads (Deoptimize)
Event: 8.485 Executing VM operation: HandshakeAllThreads (Deoptimize) done
Event: 8.645 Executing VM operation: HandshakeAllThreads (Deoptimize)
Event: 8.645 Executing VM operation: HandshakeAllThreads (Deoptimize) done
Event: 8.747 Executing VM operation: HandshakeAllThreads (Deoptimize)
Event: 8.747 Executing VM operation: HandshakeAllThreads (Deoptimize) done
Event: 8.851 Executing VM operation: HandshakeAllThreads (Deoptimize)
Event: 8.851 Executing VM operation: HandshakeAllThreads (Deoptimize) done
Event: 8.960 Executing VM operation: HandshakeAllThreads (Deoptimize)
Event: 8.960 Executing VM operation: HandshakeAllThreads (Deoptimize) done
Event: 9.005 Executing VM operation: HandshakeAllThreads (Deoptimize)
Event: 9.005 Executing VM operation: HandshakeAllThreads (Deoptimize) done

Events (20 events):
Event: 0.140 Thread 0x0000026dfb7b2600 Thread added: 0x0000026dfb7b2600
Event: 0.140 Thread 0x0000026dfb7b3060 Thread added: 0x0000026dfb7b3060
Event: 0.140 Thread 0x0000026dfb7b3df0 Thread added: 0x0000026dfb7b3df0
Event: 0.199 Thread 0x0000026dfb7ede10 Thread added: 0x0000026dfb7ede10
Event: 0.291 Thread 0x0000026dfb777c10 Thread added: 0x0000026dfb777c10
Event: 0.501 Thread 0x0000026da826dc10 Thread added: 0x0000026da826dc10
Event: 0.995 Thread 0x0000026da83255a0 Thread added: 0x0000026da83255a0
Event: 1.462 Thread 0x0000026da83255a0 Thread exited: 0x0000026da83255a0
Event: 4.588 Thread 0x0000026da8d08ca0 Thread added: 0x0000026da8d08ca0
Event: 5.044 Thread 0x0000026da8d08ca0 Thread exited: 0x0000026da8d08ca0
Event: 8.234 Thread 0x0000026da96af190 Thread added: 0x0000026da96af190
Event: 8.932 Thread 0x0000026da903e980 Thread added: 0x0000026da903e980
Event: 9.027 Thread 0x0000026da9867680 Thread added: 0x0000026da9867680
Event: 9.038 Thread 0x0000026da987a130 Thread added: 0x0000026da987a130
Event: 9.041 Thread 0x0000026da987af40 Thread added: 0x0000026da987af40
Event: 9.070 Thread 0x0000026da987b900 Thread added: 0x0000026da987b900
Event: 9.085 Thread 0x0000026da8d83380 Thread added: 0x0000026da8d83380
Event: 9.093 Thread 0x0000026da99aca10 Thread added: 0x0000026da99aca10
Event: 9.096 Thread 0x0000026da99ac380 Thread added: 0x0000026da99ac380
Event: 9.097 Thread 0x0000026da99ad0a0 Thread added: 0x0000026da99ad0a0


Dynamic libraries:
0x00007ff7aba10000 - 0x00007ff7aba1e000 	C:\Users\pc\.jdks\openjdk-21.0.2\bin\java.exe
0x00007ffbe2cf0000 - 0x00007ffbe2ee8000 	C:\WINDOWS\SYSTEM32\ntdll.dll
0x00007ffbe2b20000 - 0x00007ffbe2be2000 	C:\WINDOWS\System32\KERNEL32.DLL
0x00007ffbe0730000 - 0x00007ffbe0a26000 	C:\WINDOWS\System32\KERNELBASE.dll
0x00007ffbe04d0000 - 0x00007ffbe05d0000 	C:\WINDOWS\System32\ucrtbase.dll
0x00007ffbda6b0000 - 0x00007ffbda6c8000 	C:\Users\pc\.jdks\openjdk-21.0.2\bin\jli.dll
0x00007ffbe1c60000 - 0x00007ffbe1e01000 	C:\WINDOWS\System32\USER32.dll
0x00007ffbe05e0000 - 0x00007ffbe0602000 	C:\WINDOWS\System32\win32u.dll
0x00007ffbe0f80000 - 0x00007ffbe0fab000 	C:\WINDOWS\System32\GDI32.dll
0x00007ffbe0610000 - 0x00007ffbe0729000 	C:\WINDOWS\System32\gdi32full.dll
0x00007ffbe0a30000 - 0x00007ffbe0acd000 	C:\WINDOWS\System32\msvcp_win.dll
0x00007ffbda770000 - 0x00007ffbda78b000 	C:\Users\pc\.jdks\openjdk-21.0.2\bin\VCRUNTIME140.dll
0x00007ffbd0ad0000 - 0x00007ffbd0d6b000 	C:\WINDOWS\WinSxS\amd64_microsoft.windows.common-controls_6595b64144ccf1df_6.0.19041.6456_none_60b8a6cb71f64256\COMCTL32.dll
0x00007ffbe1150000 - 0x00007ffbe11ee000 	C:\WINDOWS\System32\msvcrt.dll
0x00007ffbe2c00000 - 0x00007ffbe2c2f000 	C:\WINDOWS\System32\IMM32.DLL
0x00007ffbda8f0000 - 0x00007ffbda8fc000 	C:\Users\pc\.jdks\openjdk-21.0.2\bin\vcruntime140_1.dll
0x00007ffbc4af0000 - 0x00007ffbc4b7e000 	C:\Users\pc\.jdks\openjdk-21.0.2\bin\msvcp140.dll
0x00007ffb78160000 - 0x00007ffb78e77000 	C:\Users\pc\.jdks\openjdk-21.0.2\bin\server\jvm.dll
0x00007ffbe1070000 - 0x00007ffbe1121000 	C:\WINDOWS\System32\ADVAPI32.dll
0x00007ffbe1bc0000 - 0x00007ffbe1c5f000 	C:\WINDOWS\System32\sechost.dll
0x00007ffbe20c0000 - 0x00007ffbe21e0000 	C:\WINDOWS\System32\RPCRT4.dll
0x00007ffbe0450000 - 0x00007ffbe0477000 	C:\WINDOWS\System32\bcrypt.dll
0x00007ffbe0480000 - 0x00007ffbe04cb000 	C:\WINDOWS\System32\POWRPROF.dll
0x00007ffbe0f10000 - 0x00007ffbe0f7b000 	C:\WINDOWS\System32\WS2_32.dll
0x00007ffbd0780000 - 0x00007ffbd07a7000 	C:\WINDOWS\SYSTEM32\WINMM.dll
0x00007ffbd3fc0000 - 0x00007ffbd3fca000 	C:\WINDOWS\SYSTEM32\VERSION.dll
0x00007ffbdf460000 - 0x00007ffbdf472000 	C:\WINDOWS\SYSTEM32\UMPDC.dll
0x00007ffbe0330000 - 0x00007ffbe0342000 	C:\WINDOWS\System32\kernel.appcore.dll
0x00007ffbda690000 - 0x00007ffbda69a000 	C:\Users\pc\.jdks\openjdk-21.0.2\bin\jimage.dll
0x00007ffbde4d0000 - 0x00007ffbde6d1000 	C:\WINDOWS\SYSTEM32\DBGHELP.DLL
0x00007ffbd7770000 - 0x00007ffbd77a4000 	C:\WINDOWS\SYSTEM32\dbgcore.DLL
0x00007ffbe0010000 - 0x00007ffbe0092000 	C:\WINDOWS\System32\bcryptPrimitives.dll
0x00007ffbda630000 - 0x00007ffbda63f000 	C:\Users\pc\.jdks\openjdk-21.0.2\bin\instrument.dll
0x00007ffbd9e70000 - 0x00007ffbd9e8f000 	C:\Users\pc\.jdks\openjdk-21.0.2\bin\java.dll
0x00007ffbe22f0000 - 0x00007ffbe2a60000 	C:\WINDOWS\System32\SHELL32.dll
0x00007ffbdd970000 - 0x00007ffbde115000 	C:\WINDOWS\SYSTEM32\windows.storage.dll
0x00007ffbe0b50000 - 0x00007ffbe0ea4000 	C:\WINDOWS\System32\combase.dll
0x00007ffbdfa40000 - 0x00007ffbdfa6b000 	C:\WINDOWS\SYSTEM32\Wldp.dll
0x00007ffbe1e10000 - 0x00007ffbe1edd000 	C:\WINDOWS\System32\OLEAUT32.dll
0x00007ffbe2a70000 - 0x00007ffbe2b1d000 	C:\WINDOWS\System32\SHCORE.dll
0x00007ffbe0eb0000 - 0x00007ffbe0f0b000 	C:\WINDOWS\System32\shlwapi.dll
0x00007ffbdff40000 - 0x00007ffbdff64000 	C:\WINDOWS\SYSTEM32\profapi.dll
0x00007ffbc0ff0000 - 0x00007ffbc10c7000 	C:\Users\pc\.jdks\openjdk-21.0.2\bin\jsvml.dll
0x00007ffbd9e50000 - 0x00007ffbd9e68000 	C:\Users\pc\.jdks\openjdk-21.0.2\bin\zip.dll
0x00007ffbda360000 - 0x00007ffbda370000 	C:\Users\pc\.jdks\openjdk-21.0.2\bin\net.dll
0x00007ffbd7110000 - 0x00007ffbd721a000 	C:\WINDOWS\SYSTEM32\WINHTTP.dll
0x00007ffbdf7a0000 - 0x00007ffbdf80a000 	C:\WINDOWS\system32\mswsock.dll
0x00007ffbd9870000 - 0x00007ffbd9886000 	C:\Users\pc\.jdks\openjdk-21.0.2\bin\nio.dll
0x00007ffbd9e30000 - 0x00007ffbd9e40000 	C:\Users\pc\.jdks\openjdk-21.0.2\bin\verify.dll
0x00007ffbda7b0000 - 0x00007ffbda7d7000 	F:\.gradle\native\c067742578af261105cb4f569cf0c3c89f3d7b1fecec35dd04571415982c5e48\windows-amd64\native-platform.dll
0x00007ffbc0ab0000 - 0x00007ffbc0bf4000 	F:\.gradle\native\100fb08df4bc3b14c8652ba06237920a3bd2aa13389f12d3474272988ae205f9\windows-amd64\native-platform-file-events.dll
0x00007ffbd9860000 - 0x00007ffbd986a000 	C:\Users\pc\.jdks\openjdk-21.0.2\bin\management.dll
0x00007ffbd97d0000 - 0x00007ffbd97db000 	C:\Users\pc\.jdks\openjdk-21.0.2\bin\management_ext.dll
0x00007ffbe2a60000 - 0x00007ffbe2a68000 	C:\WINDOWS\System32\PSAPI.DLL
0x00007ffbdf9a0000 - 0x00007ffbdf9b8000 	C:\WINDOWS\SYSTEM32\CRYPTSP.dll
0x00007ffbdf0a0000 - 0x00007ffbdf0d8000 	C:\WINDOWS\system32\rsaenh.dll
0x00007ffbdff00000 - 0x00007ffbdff2e000 	C:\WINDOWS\SYSTEM32\USERENV.dll
0x00007ffbdf990000 - 0x00007ffbdf99c000 	C:\WINDOWS\SYSTEM32\CRYPTBASE.dll
0x00007ffbdf480000 - 0x00007ffbdf4bb000 	C:\WINDOWS\SYSTEM32\IPHLPAPI.DLL
0x00007ffbe2bf0000 - 0x00007ffbe2bf8000 	C:\WINDOWS\System32\NSI.dll
0x00007ffbd97c0000 - 0x00007ffbd97c9000 	C:\Users\pc\.jdks\openjdk-21.0.2\bin\extnet.dll
0x00007ffbd97b0000 - 0x00007ffbd97be000 	C:\Users\pc\.jdks\openjdk-21.0.2\bin\sunmscapi.dll
0x00007ffbe00a0000 - 0x00007ffbe01fd000 	C:\WINDOWS\System32\CRYPT32.dll
0x00007ffbdfab0000 - 0x00007ffbdfad7000 	C:\WINDOWS\SYSTEM32\ncrypt.dll
0x00007ffbdfa70000 - 0x00007ffbdfaab000 	C:\WINDOWS\SYSTEM32\NTASN1.dll
0x00007ffbd9cd0000 - 0x00007ffbd9cd7000 	C:\WINDOWS\system32\wshunix.dll

dbghelp: loaded successfully - version: 4.0.5 - missing functions: none
symbol engine: initialized successfully - sym options: 0x614 - pdb path: .;C:\Users\pc\.jdks\openjdk-21.0.2\bin;C:\WINDOWS\SYSTEM32;C:\WINDOWS\WinSxS\amd64_microsoft.windows.common-controls_6595b64144ccf1df_6.0.19041.6456_none_60b8a6cb71f64256;C:\Users\pc\.jdks\openjdk-21.0.2\bin\server;F:\.gradle\native\c067742578af261105cb4f569cf0c3c89f3d7b1fecec35dd04571415982c5e48\windows-amd64;F:\.gradle\native\100fb08df4bc3b14c8652ba06237920a3bd2aa13389f12d3474272988ae205f9\windows-amd64

VM Arguments:
jvm_args: --add-opens=java.base/java.util=ALL-UNNAMED --add-opens=java.base/java.lang=ALL-UNNAMED --add-opens=java.base/java.lang.invoke=ALL-UNNAMED --add-opens=java.prefs/java.util.prefs=ALL-UNNAMED --add-exports=jdk.compiler/com.sun.tools.javac.api=ALL-UNNAMED --add-exports=jdk.compiler/com.sun.tools.javac.util=ALL-UNNAMED --add-opens=java.base/java.nio.charset=ALL-UNNAMED --add-opens=java.base/java.net=ALL-UNNAMED --add-opens=java.base/java.util.concurrent.atomic=ALL-UNNAMED -XX:MaxMetaspaceSize=384m -XX:+HeapDumpOnOutOfMemoryError -Xms256m -Xmx512m -Dfile.encoding=UTF-8 -Duser.country=CN -Duser.language=zh -Duser.variant -javaagent:F:\.gradle\wrapper\dists\gradle-8.10-all\5d1orm1foysj2p3f4z6mcghoz\gradle-8.10\lib\agents\gradle-instrumentation-agent-8.10.jar 
java_command: org.gradle.launcher.daemon.bootstrap.GradleDaemon 8.10
java_class_path (initial): F:\.gradle\wrapper\dists\gradle-8.10-all\5d1orm1foysj2p3f4z6mcghoz\gradle-8.10\lib\gradle-daemon-main-8.10.jar
Launcher Type: SUN_STANDARD

[Global flags]
     intx CICompilerCount                          = 3                                         {product} {ergonomic}
   size_t CompressedClassSpaceSize                 = 335544320                                 {product} {ergonomic}
     uint ConcGCThreads                            = 1                                         {product} {ergonomic}
     uint G1ConcRefinementThreads                  = 4                                         {product} {ergonomic}
   size_t G1HeapRegionSize                         = 1048576                                   {product} {ergonomic}
    uintx GCDrainStackTargetSize                   = 64                                        {product} {ergonomic}
     bool HeapDumpOnOutOfMemoryError               = true                                   {manageable} {command line}
   size_t InitialHeapSize                          = 268435456                                 {product} {command line}
   size_t MarkStackSize                            = 4194304                                   {product} {ergonomic}
   size_t MaxHeapSize                              = 536870912                                 {product} {command line}
   size_t MaxMetaspaceSize                         = 402653184                                 {product} {command line}
   size_t MaxNewSize                               = 321912832                                 {product} {ergonomic}
   size_t MinHeapDeltaBytes                        = 1048576                                   {product} {ergonomic}
   size_t MinHeapSize                              = 268435456                                 {product} {command line}
    uintx NonNMethodCodeHeapSize                   = 5832780                                {pd product} {ergonomic}
    uintx NonProfiledCodeHeapSize                  = 122912730                              {pd product} {ergonomic}
    uintx ProfiledCodeHeapSize                     = 122912730                              {pd product} {ergonomic}
    uintx ReservedCodeCacheSize                    = 251658240                              {pd product} {ergonomic}
     bool SegmentedCodeCache                       = true                                      {product} {ergonomic}
   size_t SoftMaxHeapSize                          = 536870912                              {manageable} {ergonomic}
     bool UseCompressedOops                        = true                           {product lp64_product} {ergonomic}
     bool UseG1GC                                  = true                                      {product} {ergonomic}
     bool UseLargePagesIndividualAllocation        = false                                  {pd product} {ergonomic}

Logging:
Log output configuration:
 #0: stdout all=warning uptime,level,tags foldmultilines=false
 #1: stderr all=off uptime,level,tags foldmultilines=false

Environment Variables:
JAVA_HOME=C:\Users\pc\.jdks\openjdk-21.0.2\
PATH=C:\Program Files\Common Files\Oracle\Java\javapath;C:\Program Files (x86)\Common Files\Oracle\Java\java8path;C:\Program Files (x86)\Common Files\Oracle\Java\javapath;C:\Program Files (x86)\Razer\ChromaBroadcast\bin;C:\Program Files\Razer\ChromaBroadcast\bin;C:\Program Files (x86)\Razer Chroma SDK\bin;C:\Program Files\Razer Chroma SDK\bin;C:\Program Files (x86)\Intel\iCLS Client\;C:\Program Files\Intel\iCLS Client\;C:\Windows\system32;C:\Windows;C:\Windows\System32\Wbem;C:\Windows\System32\WindowsPowerShell\v1.0\;C:\Program Files (x86)\NVIDIA Corporation\PhysX\Common;C:\Program Files (x86)\Intel\Intel(R) Management Engine Components\DAL;C:\Program Files\Intel\Intel(R) Management Engine Components\DAL;C:\Program Files (x86)\Intel\Intel(R) Management Engine Components\IPT;C:\Program Files\Intel\Intel(R) Management Engine Components\IPT;C:\Program Files\Intel\WiFi\bin\;C:\Program Files\Common Files\Intel\WirelessCommon\;C:\Windows\system32\config\systemprofile\AppData\Local\Microsoft\WindowsApps;C:\WINDOWS\system32;C:\WINDOWS;C:\WINDOWS\System32\Wbem;C:\WINDOWS\System32\WindowsPowerShell\v1.0\;C:\WINDOWS\System32\OpenSSH\;C:\WINDOWS\system32\config\systemprofile\AppData\Local\Microsoft\WindowsApps;C:\Program Files\NVIDIA Corporation\NVIDIA NvDLISR;C:\Users\pc\.jdks\corretto-17.0.6\bin\;E:\XT\;E:\XSHELL\;C:\Program Files\Bandizip\;%JAVAHOME%bin;C:\Program Files\WorldPainter;C:\Program Files\dotnet\;C:\Program Files\Git\cmd;C:\Program Files\nodejs\;C:\Users\pc\AppData\Local\Muse Hub\lib;C:\Users\pc\AppData\Local\Programs\Python\Python310\Scripts\;C:\Users\pc\AppData\Local\Programs\Python\Python310\;C:\Users\pc\AppData\Local\Microsoft\WindowsApps;D:\IED\Microsoft VS Code\bin;C:\Users\pc\.jdks\corretto-17.0.6\bin\;C:\Users\pc\.jdks\openjdk-21.0.2\\bin;C:\Users\pc\.jdks\openjdk-21.0.2\\jre\bin;C:\Users\pc\AppData\Local\Muse Hub\lib;F:\IntelliJ IDEA 251.23774.200\bin;;F:\IntelliJ IDEA Community Edition 2024.3.3\bin;;c:\users\pc\appdata\roaming\python\python310\scripts;c:\users\pc\.local\bin;F:\PyCharm 2025.1\bin;;C:\Users\pc\AppData\Roaming\npm
USERNAME=zhaoyuelun
OS=Windows_NT
PROCESSOR_IDENTIFIER=Intel64 Family 6 Model 158 Stepping 9, GenuineIntel
TMP=C:\Users\pc\AppData\Local\Temp
TEMP=C:\Users\pc\AppData\Local\Temp




Periodic native trim disabled

---------------  S Y S T E M  ---------------

OS:
 Windows 10 , 64 bit Build 19041 (10.0.19041.5915)
OS uptime: 1 days 3:48 hours

CPU: total 4 (initial active 4) (4 cores per cpu, 1 threads per core) family 6 model 158 stepping 9 microcode 0xb4, cx8, cmov, fxsr, mmx, 3dnowpref, sse, sse2, sse3, ssse3, sse4.1, sse4.2, popcnt, lzcnt, tsc, tscinvbit, avx, avx2, aes, erms, clmul, bmi1, bmi2, adx, fma, vzeroupper, clflush, clflushopt, rdtscp, f16c
Processor Information for all 4 processors :
  Max Mhz: 2501, Current Mhz: 2500, Mhz Limit: 2475

Memory: 4k page, system-wide physical 32652M (1466M free)
TotalPageFile size 41693M (AvailPageFile size 5M)
current process WorkingSet (physical memory assigned to process): 175M, peak: 175M
current process commit charge ("private bytes"): 373M, peak: 373M

vm_info: OpenJDK 64-Bit Server VM (21.0.2+13-58) for windows-amd64 JRE (21.0.2+13-58), built on 2024-01-05T18:32:24Z by "mach5one" with MS VC++ 17.1 (VS2022)

END.
